[2024-05-17T09:21:10.155+0000] {local_task_job_runner.py:120} INFO - ::group::Pre task execution logs
[2024-05-17T09:21:10.236+0000] {taskinstance.py:2076} INFO - Dependencies all met for dep_context=non-requeueable deps ti=<TaskInstance: data_ingestion_pipelines_2.validate_data scheduled__2024-05-15T00:00:00+00:00 [queued]>
[2024-05-17T09:21:10.259+0000] {taskinstance.py:2076} INFO - Dependencies all met for dep_context=requeueable deps ti=<TaskInstance: data_ingestion_pipelines_2.validate_data scheduled__2024-05-15T00:00:00+00:00 [queued]>
[2024-05-17T09:21:10.263+0000] {taskinstance.py:2306} INFO - Starting attempt 15 of 15
[2024-05-17T09:21:10.294+0000] {taskinstance.py:2330} INFO - Executing <Task(PythonOperator): validate_data> on 2024-05-15 00:00:00+00:00
[2024-05-17T09:21:10.309+0000] {warnings.py:110} WARNING - /home/***/.local/lib/python3.12/site-packages/***/task/task_runner/standard_task_runner.py:61: DeprecationWarning: This process (pid=2086) is multi-threaded, use of fork() may lead to deadlocks in the child.
  pid = os.fork()

[2024-05-17T09:21:10.313+0000] {standard_task_runner.py:63} INFO - Started process 2115 to run task
[2024-05-17T09:21:10.312+0000] {standard_task_runner.py:90} INFO - Running: ['***', 'tasks', 'run', 'data_ingestion_pipelines_2', 'validate_data', 'scheduled__2024-05-15T00:00:00+00:00', '--job-id', '33', '--raw', '--subdir', 'DAGS_FOLDER/data-ingestion-dag.py', '--cfg-path', '/tmp/tmp1os2nxw7']
[2024-05-17T09:21:10.315+0000] {standard_task_runner.py:91} INFO - Job 33: Subtask validate_data
[2024-05-17T09:21:10.425+0000] {task_command.py:426} INFO - Running <TaskInstance: data_ingestion_pipelines_2.validate_data scheduled__2024-05-15T00:00:00+00:00 [running]> on host 2fc1c160da1e
[2024-05-17T09:21:10.626+0000] {taskinstance.py:2648} INFO - Exporting env vars: AIRFLOW_CTX_DAG_OWNER='***' AIRFLOW_CTX_DAG_ID='data_ingestion_pipelines_2' AIRFLOW_CTX_TASK_ID='validate_data' AIRFLOW_CTX_EXECUTION_DATE='2024-05-15T00:00:00+00:00' AIRFLOW_CTX_TRY_NUMBER='15' AIRFLOW_CTX_DAG_RUN_ID='scheduled__2024-05-15T00:00:00+00:00'
[2024-05-17T09:21:10.627+0000] {taskinstance.py:430} INFO - ::endgroup::
[2024-05-17T09:21:10.671+0000] {logging_mixin.py:188} INFO - file_path in validate_data is  /opt/***/dags/raw-data/data_part_1.csv
[2024-05-17T09:21:10.672+0000] {logging_mixin.py:188} INFO - data_asset_name is  data_part_1
[2024-05-17T09:21:10.693+0000] {taskinstance.py:441} INFO - ::group::Post task execution logs
[2024-05-17T09:21:10.694+0000] {taskinstance.py:2905} ERROR - Task failed with exception
Traceback (most recent call last):
  File "/home/airflow/.local/lib/python3.12/site-packages/great_expectations/data_context/data_context/file_data_context.py", line 198, in _load_file_backed_project_config
    with open(path_to_yml) as data:
         ^^^^^^^^^^^^^^^^^
FileNotFoundError: [Errno 2] No such file or directory: '/opt/airflow/gx/great_expectations.yml'

During handling of the above exception, another exception occurred:

Traceback (most recent call last):
  File "/home/airflow/.local/lib/python3.12/site-packages/airflow/models/taskinstance.py", line 465, in _execute_task
    result = _execute_callable(context=context, **execute_callable_kwargs)
             ^^^^^^^^^^^^^^^^^^^^^^^^^^^^^^^^^^^^^^^^^^^^^^^^^^^^^^^^^^^^^
  File "/home/airflow/.local/lib/python3.12/site-packages/airflow/models/taskinstance.py", line 432, in _execute_callable
    return execute_callable(context=context, **execute_callable_kwargs)
           ^^^^^^^^^^^^^^^^^^^^^^^^^^^^^^^^^^^^^^^^^^^^^^^^^^^^^^^^^^^^
  File "/home/airflow/.local/lib/python3.12/site-packages/airflow/models/baseoperator.py", line 400, in wrapper
    return func(self, *args, **kwargs)
           ^^^^^^^^^^^^^^^^^^^^^^^^^^^
  File "/home/airflow/.local/lib/python3.12/site-packages/airflow/operators/python.py", line 235, in execute
    return_value = self.execute_callable()
                   ^^^^^^^^^^^^^^^^^^^^^^^
  File "/home/airflow/.local/lib/python3.12/site-packages/airflow/operators/python.py", line 252, in execute_callable
    return self.python_callable(*self.op_args, **self.op_kwargs)
           ^^^^^^^^^^^^^^^^^^^^^^^^^^^^^^^^^^^^^^^^^^^^^^^^^^^^^
  File "/opt/airflow/dags/data-ingestion-dag.py", line 57, in validate_data
    context = DataContext(context_root_dir=ge_directory)
              ^^^^^^^^^^^^^^^^^^^^^^^^^^^^^^^^^^^^^^^^^^
  File "/home/airflow/.local/lib/python3.12/site-packages/great_expectations/data_context/data_context/data_context.py", line 129, in DataContext
    project_config = FileDataContext._load_file_backed_project_config(
                     ^^^^^^^^^^^^^^^^^^^^^^^^^^^^^^^^^^^^^^^^^^^^^^^^^
  File "/home/airflow/.local/lib/python3.12/site-packages/great_expectations/data_context/data_context/file_data_context.py", line 210, in _load_file_backed_project_config
    raise gx_exceptions.ConfigNotFoundError()
great_expectations.exceptions.exceptions.ConfigNotFoundError: Error: No gx directory was found here!
    - Please check that you are in the correct directory or have specified the correct directory.
    - If you have never run Great Expectations in this project, please run `great_expectations init` to get started.

[2024-05-17T09:21:10.712+0000] {taskinstance.py:1206} INFO - Marking task as FAILED. dag_id=data_ingestion_pipelines_2, task_id=validate_data, run_id=scheduled__2024-05-15T00:00:00+00:00, execution_date=20240515T000000, start_date=20240517T092110, end_date=20240517T092110
[2024-05-17T09:21:10.735+0000] {standard_task_runner.py:110} ERROR - Failed to execute job 33 for task validate_data (Error: No gx directory was found here!
    - Please check that you are in the correct directory or have specified the correct directory.
    - If you have never run Great Expectations in this project, please run `great_expectations init` to get started.
; 2115)
[2024-05-17T09:21:10.773+0000] {local_task_job_runner.py:240} INFO - Task exited with return code 1
[2024-05-17T09:21:10.847+0000] {taskinstance.py:3498} INFO - 0 downstream tasks scheduled from follow-on schedule check
[2024-05-17T09:21:10.859+0000] {local_task_job_runner.py:222} INFO - ::endgroup::
