[2024-05-18T02:40:09.655+0000] {local_task_job_runner.py:120} INFO - ::group::Pre task execution logs
[2024-05-18T02:40:09.689+0000] {taskinstance.py:2076} INFO - Dependencies all met for dep_context=non-requeueable deps ti=<TaskInstance: data_ingestion_pipelines_2.validate_data scheduled__2024-05-17T00:00:00+00:00 [queued]>
[2024-05-18T02:40:09.699+0000] {taskinstance.py:2076} INFO - Dependencies all met for dep_context=requeueable deps ti=<TaskInstance: data_ingestion_pipelines_2.validate_data scheduled__2024-05-17T00:00:00+00:00 [queued]>
[2024-05-18T02:40:09.702+0000] {taskinstance.py:2306} INFO - Starting attempt 16 of 16
[2024-05-18T02:40:09.718+0000] {taskinstance.py:2330} INFO - Executing <Task(PythonOperator): validate_data> on 2024-05-17 00:00:00+00:00
[2024-05-18T02:40:09.728+0000] {warnings.py:110} WARNING - /home/***/.local/lib/python3.12/site-packages/***/task/task_runner/standard_task_runner.py:61: DeprecationWarning: This process (pid=4260) is multi-threaded, use of fork() may lead to deadlocks in the child.
  pid = os.fork()

[2024-05-18T02:40:09.729+0000] {standard_task_runner.py:63} INFO - Started process 4278 to run task
[2024-05-18T02:40:09.729+0000] {standard_task_runner.py:90} INFO - Running: ['***', 'tasks', 'run', 'data_ingestion_pipelines_2', 'validate_data', 'scheduled__2024-05-17T00:00:00+00:00', '--job-id', '221', '--raw', '--subdir', 'DAGS_FOLDER/data-ingestion-dag.py', '--cfg-path', '/tmp/tmpwzdxnpvx']
[2024-05-18T02:40:09.731+0000] {standard_task_runner.py:91} INFO - Job 221: Subtask validate_data
[2024-05-18T02:40:09.790+0000] {task_command.py:426} INFO - Running <TaskInstance: data_ingestion_pipelines_2.validate_data scheduled__2024-05-17T00:00:00+00:00 [running]> on host 5ee845ef4e45
[2024-05-18T02:40:09.907+0000] {taskinstance.py:2648} INFO - Exporting env vars: AIRFLOW_CTX_DAG_OWNER='***' AIRFLOW_CTX_DAG_ID='data_ingestion_pipelines_2' AIRFLOW_CTX_TASK_ID='validate_data' AIRFLOW_CTX_EXECUTION_DATE='2024-05-17T00:00:00+00:00' AIRFLOW_CTX_TRY_NUMBER='16' AIRFLOW_CTX_DAG_RUN_ID='scheduled__2024-05-17T00:00:00+00:00'
[2024-05-18T02:40:09.908+0000] {taskinstance.py:430} INFO - ::endgroup::
[2024-05-18T02:40:09.939+0000] {logging_mixin.py:188} INFO - file_path in validate_data is  /opt/***/dags/raw-data/data_part_3.csv
[2024-05-18T02:40:09.940+0000] {logging_mixin.py:188} INFO - data_asset_name is  data_part_3
[2024-05-18T02:40:09.971+0000] {logging_mixin.py:188} INFO - Data types after reading CSV:
[2024-05-18T02:40:09.973+0000] {logging_mixin.py:188} INFO -  ph                 float64
Hardness           float64
Chloramines        float64
Sulfate            float64
Conductivity       float64
Organic_carbon     float64
Trihalomethanes    float64
Turbidity          float64
Potability           Int64
dtype: object
[2024-05-18T02:40:10.016+0000] {warnings.py:110} WARNING - /home/***/.local/lib/python3.12/site-packages/great_expectations/data_context/data_context/base_data_context.py:158: DeprecationWarning: DataContext and BaseDataContext are deprecated as of v0.17.10 and will be removed in v0.20. Please use gx.get_context instead.
  warnings.warn(

[2024-05-18T02:40:10.070+0000] {file_data_context.py:222} INFO - FileDataContext loading fluent config
[2024-05-18T02:40:10.096+0000] {config.py:187} INFO - Loading 'datasources' ->
[]
[2024-05-18T02:40:10.440+0000] {data_asset.py:541} INFO - 	29 expectation(s) included in expectation_suite.
[2024-05-18T02:40:10.539+0000] {logging_mixin.py:188} INFO - validation_results: {
  "success": false,
  "results": [
    {
      "success": false,
      "expectation_config": {
        "expectation_type": "expect_column_values_to_match_regex",
        "kwargs": {
          "column": "ph",
          "regex": "^\\d*\\.?\\d*$"
        },
        "meta": {}
      },
      "result": {
        "element_count": 1000,
        "missing_count": 0,
        "missing_percent": 0.0,
        "unexpected_count": 92,
        "unexpected_percent": 9.2,
        "unexpected_percent_total": 9.2,
        "unexpected_percent_nonmissing": 9.2,
        "partial_unexpected_list": [
          -1.435417567728969,
          -9.056405115654224,
          -1.993803549875789,
          -6.743927719643883,
          -1.627007639528081,
          -4.294929964552152,
          -0.8388551737119947,
          -0.2948195395160287,
          -1.897528211090272,
          -3.1634469992568146,
          -3.1374210065529766,
          -3.5762055867106675,
          -4.283546766618537,
          -4.700684310638595,
          -4.479279732730308,
          -2.57807290884092,
          -3.521964792929316,
          -8.17873537880826,
          -3.235548184183177,
          -0.1277930271488259
        ]
      },
      "meta": {},
      "exception_info": {
        "raised_exception": false,
        "exception_message": null,
        "exception_traceback": null
      }
    },
    {
      "success": true,
      "expectation_config": {
        "expectation_type": "expect_column_values_to_not_be_null",
        "kwargs": {
          "column": "ph"
        },
        "meta": {}
      },
      "result": {
        "element_count": 1000,
        "unexpected_count": 0,
        "unexpected_percent": 0.0,
        "unexpected_percent_total": 0.0,
        "partial_unexpected_list": []
      },
      "meta": {},
      "exception_info": {
        "raised_exception": false,
        "exception_message": null,
        "exception_traceback": null
      }
    },
    {
      "success": false,
      "expectation_config": {
        "expectation_type": "expect_column_values_to_be_between",
        "kwargs": {
          "column": "ph",
          "min_value": -14.0,
          "max_value": 14.0
        },
        "meta": {}
      },
      "result": {
        "element_count": 1000,
        "missing_count": 0,
        "missing_percent": 0.0,
        "unexpected_count": 342,
        "unexpected_percent": 34.2,
        "unexpected_percent_total": 34.2,
        "unexpected_percent_nonmissing": 34.2,
        "partial_unexpected_list": [
          20.015668929389555,
          20.455226766934008,
          15.90849481567329,
          15.41883581285902,
          14.538899378639623,
          22.70963471014222,
          14.532948485232016,
          20.818352414446814,
          17.378664759001055,
          14.361451741323418,
          20.3245588967058,
          22.557269283280508,
          19.072220365900804,
          23.035195133234264,
          14.765387565865732,
          14.180637361951458,
          15.789000529258242,
          22.95951390068046,
          18.61828958644053,
          17.565282217580197
        ]
      },
      "meta": {},
      "exception_info": {
        "raised_exception": false,
        "exception_message": null,
        "exception_traceback": null
      }
    },
    {
      "success": true,
      "expectation_config": {
        "expectation_type": "expect_column_values_to_match_regex",
        "kwargs": {
          "column": "Hardness",
          "regex": "^\\d*\\.?\\d*$"
        },
        "meta": {}
      },
      "result": {
        "element_count": 1000,
        "missing_count": 0,
        "missing_percent": 0.0,
        "unexpected_count": 0,
        "unexpected_percent": 0.0,
        "unexpected_percent_total": 0.0,
        "unexpected_percent_nonmissing": 0.0,
        "partial_unexpected_list": []
      },
      "meta": {},
      "exception_info": {
        "raised_exception": false,
        "exception_message": null,
        "exception_traceback": null
      }
    },
    {
      "success": true,
      "expectation_config": {
        "expectation_type": "expect_column_values_to_not_be_null",
        "kwargs": {
          "column": "Hardness"
        },
        "meta": {}
      },
      "result": {
        "element_count": 1000,
        "unexpected_count": 0,
        "unexpected_percent": 0.0,
        "unexpected_percent_total": 0.0,
        "partial_unexpected_list": []
      },
      "meta": {},
      "exception_info": {
        "raised_exception": false,
        "exception_message": null,
        "exception_traceback": null
      }
    },
    {
      "success": true,
      "expectation_config": {
        "expectation_type": "expect_column_values_to_be_between",
        "kwargs": {
          "column": "Hardness",
          "min_value": 0.0,
          "max_value": 1000.0
        },
        "meta": {}
      },
      "result": {
        "element_count": 1000,
        "missing_count": 0,
        "missing_percent": 0.0,
        "unexpected_count": 0,
        "unexpected_percent": 0.0,
        "unexpected_percent_total": 0.0,
        "unexpected_percent_nonmissing": 0.0,
        "partial_unexpected_list": []
      },
      "meta": {},
      "exception_info": {
        "raised_exception": false,
        "exception_message": null,
        "exception_traceback": null
      }
    },
    {
      "success": false,
      "expectation_config": {
        "expectation_type": "expect_column_values_to_match_regex",
        "kwargs": {
          "column": "Solids",
          "regex": "^\\d*\\.?\\d*$"
        },
        "meta": {}
      },
      "result": {},
      "meta": {},
      "exception_info": {
        "raised_exception": true,
        "exception_message": "KeyError: 'Solids'",
        "exception_traceback": "Traceback (most recent call last):\n  File \"/home/***/.local/lib/python3.12/site-packages/pandas/core/indexes/base.py\", line 3791, in get_loc\n    return self._engine.get_loc(casted_key)\n           ^^^^^^^^^^^^^^^^^^^^^^^^^^^^^^^^\n  File \"index.pyx\", line 152, in pandas._libs.index.IndexEngine.get_loc\n  File \"index.pyx\", line 181, in pandas._libs.index.IndexEngine.get_loc\n  File \"pandas/_libs/hashtable_class_helper.pxi\", line 7080, in pandas._libs.hashtable.PyObjectHashTable.get_item\n  File \"pandas/_libs/hashtable_class_helper.pxi\", line 7088, in pandas._libs.hashtable.PyObjectHashTable.get_item\nKeyError: 'Solids'\n\nThe above exception was the direct cause of the following exception:\n\nTraceback (most recent call last):\n  File \"/home/***/.local/lib/python3.12/site-packages/great_expectations/data_asset/data_asset.py\", line 244, in wrapper\n    return_obj = func(self, **evaluation_args)\n                 ^^^^^^^^^^^^^^^^^^^^^^^^^^^^^\n  File \"/home/***/.local/lib/python3.12/site-packages/great_expectations/dataset/pandas_dataset.py\", line 81, in inner_wrapper\n    series = data[column]\n             ~~~~^^^^^^^^\n  File \"/home/***/.local/lib/python3.12/site-packages/pandas/core/frame.py\", line 3893, in __getitem__\n    indexer = self.columns.get_loc(key)\n              ^^^^^^^^^^^^^^^^^^^^^^^^^\n  File \"/home/***/.local/lib/python3.12/site-packages/pandas/core/indexes/base.py\", line 3798, in get_loc\n    raise KeyError(key) from err\nKeyError: 'Solids'\n"
      }
    },
    {
      "success": false,
      "expectation_config": {
        "expectation_type": "expect_column_values_to_not_be_null",
        "kwargs": {
          "column": "Solids"
        },
        "meta": {}
      },
      "result": {},
      "meta": {},
      "exception_info": {
        "raised_exception": true,
        "exception_message": "KeyError: 'Solids'",
        "exception_traceback": "Traceback (most recent call last):\n  File \"/home/***/.local/lib/python3.12/site-packages/pandas/core/indexes/base.py\", line 3791, in get_loc\n    return self._engine.get_loc(casted_key)\n           ^^^^^^^^^^^^^^^^^^^^^^^^^^^^^^^^\n  File \"index.pyx\", line 152, in pandas._libs.index.IndexEngine.get_loc\n  File \"index.pyx\", line 181, in pandas._libs.index.IndexEngine.get_loc\n  File \"pandas/_libs/hashtable_class_helper.pxi\", line 7080, in pandas._libs.hashtable.PyObjectHashTable.get_item\n  File \"pandas/_libs/hashtable_class_helper.pxi\", line 7088, in pandas._libs.hashtable.PyObjectHashTable.get_item\nKeyError: 'Solids'\n\nThe above exception was the direct cause of the following exception:\n\nTraceback (most recent call last):\n  File \"/home/***/.local/lib/python3.12/site-packages/great_expectations/data_asset/data_asset.py\", line 244, in wrapper\n    return_obj = func(self, **evaluation_args)\n                 ^^^^^^^^^^^^^^^^^^^^^^^^^^^^^\n  File \"/home/***/.local/lib/python3.12/site-packages/great_expectations/dataset/pandas_dataset.py\", line 81, in inner_wrapper\n    series = data[column]\n             ~~~~^^^^^^^^\n  File \"/home/***/.local/lib/python3.12/site-packages/pandas/core/frame.py\", line 3893, in __getitem__\n    indexer = self.columns.get_loc(key)\n              ^^^^^^^^^^^^^^^^^^^^^^^^^\n  File \"/home/***/.local/lib/python3.12/site-packages/pandas/core/indexes/base.py\", line 3798, in get_loc\n    raise KeyError(key) from err\nKeyError: 'Solids'\n"
      }
    },
    {
      "success": false,
      "expectation_config": {
        "expectation_type": "expect_column_values_to_be_between",
        "kwargs": {
          "column": "Solids",
          "min_value": 0.0,
          "max_value": 50000.0
        },
        "meta": {}
      },
      "result": {},
      "meta": {},
      "exception_info": {
        "raised_exception": true,
        "exception_message": "KeyError: 'Solids'",
        "exception_traceback": "Traceback (most recent call last):\n  File \"/home/***/.local/lib/python3.12/site-packages/pandas/core/indexes/base.py\", line 3791, in get_loc\n    return self._engine.get_loc(casted_key)\n           ^^^^^^^^^^^^^^^^^^^^^^^^^^^^^^^^\n  File \"index.pyx\", line 152, in pandas._libs.index.IndexEngine.get_loc\n  File \"index.pyx\", line 181, in pandas._libs.index.IndexEngine.get_loc\n  File \"pandas/_libs/hashtable_class_helper.pxi\", line 7080, in pandas._libs.hashtable.PyObjectHashTable.get_item\n  File \"pandas/_libs/hashtable_class_helper.pxi\", line 7088, in pandas._libs.hashtable.PyObjectHashTable.get_item\nKeyError: 'Solids'\n\nThe above exception was the direct cause of the following exception:\n\nTraceback (most recent call last):\n  File \"/home/***/.local/lib/python3.12/site-packages/great_expectations/data_asset/data_asset.py\", line 244, in wrapper\n    return_obj = func(self, **evaluation_args)\n                 ^^^^^^^^^^^^^^^^^^^^^^^^^^^^^\n  File \"/home/***/.local/lib/python3.12/site-packages/great_expectations/dataset/pandas_dataset.py\", line 81, in inner_wrapper\n    series = data[column]\n             ~~~~^^^^^^^^\n  File \"/home/***/.local/lib/python3.12/site-packages/pandas/core/frame.py\", line 3893, in __getitem__\n    indexer = self.columns.get_loc(key)\n              ^^^^^^^^^^^^^^^^^^^^^^^^^\n  File \"/home/***/.local/lib/python3.12/site-packages/pandas/core/indexes/base.py\", line 3798, in get_loc\n    raise KeyError(key) from err\nKeyError: 'Solids'\n"
      }
    },
    {
      "success": true,
      "expectation_config": {
        "expectation_type": "expect_column_values_to_match_regex",
        "kwargs": {
          "column": "Chloramines",
          "regex": "^\\d*\\.?\\d*$"
        },
        "meta": {}
      },
      "result": {
        "element_count": 1000,
        "missing_count": 0,
        "missing_percent": 0.0,
        "unexpected_count": 0,
        "unexpected_percent": 0.0,
        "unexpected_percent_total": 0.0,
        "unexpected_percent_nonmissing": 0.0,
        "partial_unexpected_list": []
      },
      "meta": {},
      "exception_info": {
        "raised_exception": false,
        "exception_message": null,
        "exception_traceback": null
      }
    },
    {
      "success": true,
      "expectation_config": {
        "expectation_type": "expect_column_values_to_not_be_null",
        "kwargs": {
          "column": "Chloramines"
        },
        "meta": {}
      },
      "result": {
        "element_count": 1000,
        "unexpected_count": 0,
        "unexpected_percent": 0.0,
        "unexpected_percent_total": 0.0,
        "partial_unexpected_list": []
      },
      "meta": {},
      "exception_info": {
        "raised_exception": false,
        "exception_message": null,
        "exception_traceback": null
      }
    },
    {
      "success": false,
      "expectation_config": {
        "expectation_type": "expect_column_values_to_be_between",
        "kwargs": {
          "column": "Chloramines",
          "min_value": 0.0,
          "max_value": 10.0
        },
        "meta": {}
      },
      "result": {
        "element_count": 1000,
        "missing_count": 0,
        "missing_percent": 0.0,
        "unexpected_count": 41,
        "unexpected_percent": 4.1000000000000005,
        "unexpected_percent_total": 4.1000000000000005,
        "unexpected_percent_nonmissing": 4.1000000000000005,
        "partial_unexpected_list": [
          10.996053401446192,
          10.207419953662557,
          10.640096239801997,
          10.519331121948316,
          10.04181264315655,
          11.04582779686791,
          10.05762289328622,
          10.313532371605838,
          12.04054330920363,
          10.255425627207789,
          10.809869798419236,
          10.02380993304932,
          10.37925852032724,
          11.018163608873191,
          10.627774731409524,
          10.31910602635972,
          10.068298875817456,
          10.543836057720522,
          10.365853595229687,
          10.81805712126145
        ]
      },
      "meta": {},
      "exception_info": {
        "raised_exception": false,
        "exception_message": null,
        "exception_traceback": null
      }
    },
    {
      "success": false,
      "expectation_config": {
        "expectation_type": "expect_column_values_to_match_regex",
        "kwargs": {
          "column": "Sulfate",
          "regex": "^\\d*\\.?\\d*$"
        },
        "meta": {}
      },
      "result": {
        "element_count": 1000,
        "missing_count": 0,
        "missing_percent": 0.0,
        "unexpected_count": 31,
        "unexpected_percent": 3.1,
        "unexpected_percent_total": 3.1,
        "unexpected_percent_nonmissing": 3.1,
        "partial_unexpected_list": [
          -5.816840402977164,
          -26.475730042498867,
          -18.953478021556123,
          -1.711556475581915,
          -21.27285865136639,
          -5.172463526648244,
          -105.62821400205598,
          -34.97490521706584,
          -54.103094500085945,
          -38.81857234428168,
          -11.883270199802894,
          -12.841270376849993,
          -47.09264922526325,
          -15.554011570096748,
          -34.21237987630849,
          -17.834738843586024,
          -21.871548275446514,
          -60.97066900942832,
          -45.4142310357243,
          -9.64802724440102
        ]
      },
      "meta": {},
      "exception_info": {
        "raised_exception": false,
        "exception_message": null,
        "exception_traceback": null
      }
    },
    {
      "success": true,
      "expectation_config": {
        "expectation_type": "expect_column_values_to_not_be_null",
        "kwargs": {
          "column": "Sulfate"
        },
        "meta": {}
      },
      "result": {
        "element_count": 1000,
        "unexpected_count": 0,
        "unexpected_percent": 0.0,
        "unexpected_percent_total": 0.0,
        "partial_unexpected_list": []
      },
      "meta": {},
      "exception_info": {
        "raised_exception": false,
        "exception_message": null,
        "exception_traceback": null
      }
    },
    {
      "success": false,
      "expectation_config": {
        "expectation_type": "expect_column_values_to_be_between",
        "kwargs": {
          "column": "Sulfate",
          "min_value": 0.0,
          "max_value": 500.0
        },
        "meta": {}
      },
      "result": {
        "element_count": 1000,
        "missing_count": 0,
        "missing_percent": 0.0,
        "unexpected_count": 74,
        "unexpected_percent": 7.3999999999999995,
        "unexpected_percent_total": 7.3999999999999995,
        "unexpected_percent_nonmissing": 7.3999999999999995,
        "partial_unexpected_list": [
          526.4555288786873,
          532.4705509204546,
          510.0578196449091,
          583.8785816213092,
          -5.816840402977164,
          560.6450810760634,
          513.5520137600288,
          -26.475730042498867,
          622.8790379892682,
          581.2412881927416,
          512.6592406843312,
          -18.953478021556123,
          514.2093821804167,
          -1.711556475581915,
          513.8469816354016,
          -21.27285865136639,
          568.6029231059093,
          529.2018338741661,
          -5.172463526648244,
          536.7335508852561
        ]
      },
      "meta": {},
      "exception_info": {
        "raised_exception": false,
        "exception_message": null,
        "exception_traceback": null
      }
    },
    {
      "success": true,
      "expectation_config": {
        "expectation_type": "expect_column_values_to_match_regex",
        "kwargs": {
          "column": "Conductivity",
          "regex": "^\\d*\\.?\\d*$"
        },
        "meta": {}
      },
      "result": {
        "element_count": 1000,
        "missing_count": 0,
        "missing_percent": 0.0,
        "unexpected_count": 0,
        "unexpected_percent": 0.0,
        "unexpected_percent_total": 0.0,
        "unexpected_percent_nonmissing": 0.0,
        "partial_unexpected_list": []
      },
      "meta": {},
      "exception_info": {
        "raised_exception": false,
        "exception_message": null,
        "exception_traceback": null
      }
    },
    {
      "success": true,
      "expectation_config": {
        "expectation_type": "expect_column_values_to_not_be_null",
        "kwargs": {
          "column": "Conductivity"
        },
        "meta": {}
      },
      "result": {
        "element_count": 1000,
        "unexpected_count": 0,
        "unexpected_percent": 0.0,
        "unexpected_percent_total": 0.0,
        "partial_unexpected_list": []
      },
      "meta": {},
      "exception_info": {
        "raised_exception": false,
        "exception_message": null,
        "exception_traceback": null
      }
    },
    {
      "success": true,
      "expectation_config": {
        "expectation_type": "expect_column_values_to_be_between",
        "kwargs": {
          "column": "Conductivity",
          "min_value": 0.0,
          "max_value": 2000.0
        },
        "meta": {}
      },
      "result": {
        "element_count": 1000,
        "missing_count": 0,
        "missing_percent": 0.0,
        "unexpected_count": 0,
        "unexpected_percent": 0.0,
        "unexpected_percent_total": 0.0,
        "unexpected_percent_nonmissing": 0.0,
        "partial_unexpected_list": []
      },
      "meta": {},
      "exception_info": {
        "raised_exception": false,
        "exception_message": null,
        "exception_traceback": null
      }
    },
    {
      "success": true,
      "expectation_config": {
        "expectation_type": "expect_column_values_to_match_regex",
        "kwargs": {
          "column": "Organic_carbon",
          "regex": "^\\d*\\.?\\d*$"
        },
        "meta": {}
      },
      "result": {
        "element_count": 1000,
        "missing_count": 0,
        "missing_percent": 0.0,
        "unexpected_count": 0,
        "unexpected_percent": 0.0,
        "unexpected_percent_total": 0.0,
        "unexpected_percent_nonmissing": 0.0,
        "partial_unexpected_list": []
      },
      "meta": {},
      "exception_info": {
        "raised_exception": false,
        "exception_message": null,
        "exception_traceback": null
      }
    },
    {
      "success": true,
      "expectation_config": {
        "expectation_type": "expect_column_values_to_not_be_null",
        "kwargs": {
          "column": "Organic_carbon"
        },
        "meta": {}
      },
      "result": {
        "element_count": 1000,
        "unexpected_count": 0,
        "unexpected_percent": 0.0,
        "unexpected_percent_total": 0.0,
        "partial_unexpected_list": []
      },
      "meta": {},
      "exception_info": {
        "raised_exception": false,
        "exception_message": null,
        "exception_traceback": null
      }
    },
    {
      "success": false,
      "expectation_config": {
        "expectation_type": "expect_column_values_to_be_between",
        "kwargs": {
          "column": "Organic_carbon",
          "min_value": 0.0,
          "max_value": 20.0
        },
        "meta": {}
      },
      "result": {
        "element_count": 1000,
        "missing_count": 0,
        "missing_percent": 0.0,
        "unexpected_count": 30,
        "unexpected_percent": 3.0,
        "unexpected_percent_total": 3.0,
        "unexpected_percent_nonmissing": 3.0,
        "partial_unexpected_list": [
          20.25101641572425,
          20.208139175391704,
          21.61019298918716,
          21.32743247222804,
          21.73590627436364,
          20.3936430122772,
          23.407903477322243,
          21.859447196423712,
          20.36625952770428,
          20.83204328632764,
          21.16589202381185,
          21.25657900537624,
          20.857133225817,
          20.2793848101527,
          21.71127028980787,
          20.308585375414943,
          20.41201675368769,
          22.270023650043704,
          22.860396015357168,
          20.059519459283933
        ]
      },
      "meta": {},
      "exception_info": {
        "raised_exception": false,
        "exception_message": null,
        "exception_traceback": null
      }
    },
    {
      "success": true,
      "expectation_config": {
        "expectation_type": "expect_column_values_to_match_regex",
        "kwargs": {
          "column": "Trihalomethanes",
          "regex": "^\\d*\\.?\\d*$"
        },
        "meta": {}
      },
      "result": {
        "element_count": 1000,
        "missing_count": 0,
        "missing_percent": 0.0,
        "unexpected_count": 0,
        "unexpected_percent": 0.0,
        "unexpected_percent_total": 0.0,
        "unexpected_percent_nonmissing": 0.0,
        "partial_unexpected_list": []
      },
      "meta": {},
      "exception_info": {
        "raised_exception": false,
        "exception_message": null,
        "exception_traceback": null
      }
    },
    {
      "success": true,
      "expectation_config": {
        "expectation_type": "expect_column_values_to_not_be_null",
        "kwargs": {
          "column": "Trihalomethanes"
        },
        "meta": {}
      },
      "result": {
        "element_count": 1000,
        "unexpected_count": 0,
        "unexpected_percent": 0.0,
        "unexpected_percent_total": 0.0,
        "partial_unexpected_list": []
      },
      "meta": {},
      "exception_info": {
        "raised_exception": false,
        "exception_message": null,
        "exception_traceback": null
      }
    },
    {
      "success": false,
      "expectation_config": {
        "expectation_type": "expect_column_values_to_be_between",
        "kwargs": {
          "column": "Trihalomethanes",
          "min_value": 0.0,
          "max_value": 120.0
        },
        "meta": {}
      },
      "result": {
        "element_count": 1000,
        "missing_count": 0,
        "missing_percent": 0.0,
        "unexpected_count": 2,
        "unexpected_percent": 0.2,
        "unexpected_percent_total": 0.2,
        "unexpected_percent_nonmissing": 0.2,
        "partial_unexpected_list": [
          124.16667958011524,
          134.58515199457727
        ]
      },
      "meta": {},
      "exception_info": {
        "raised_exception": false,
        "exception_message": null,
        "exception_traceback": null
      }
    },
    {
      "success": true,
      "expectation_config": {
        "expectation_type": "expect_column_values_to_match_regex",
        "kwargs": {
          "column": "Turbidity",
          "regex": "^\\d*\\.?\\d*$"
        },
        "meta": {}
      },
      "result": {
        "element_count": 1000,
        "missing_count": 0,
        "missing_percent": 0.0,
        "unexpected_count": 0,
        "unexpected_percent": 0.0,
        "unexpected_percent_total": 0.0,
        "unexpected_percent_nonmissing": 0.0,
        "partial_unexpected_list": []
      },
      "meta": {},
      "exception_info": {
        "raised_exception": false,
        "exception_message": null,
        "exception_traceback": null
      }
    },
    {
      "success": true,
      "expectation_config": {
        "expectation_type": "expect_column_values_to_not_be_null",
        "kwargs": {
          "column": "Turbidity"
        },
        "meta": {}
      },
      "result": {
        "element_count": 1000,
        "unexpected_count": 0,
        "unexpected_percent": 0.0,
        "unexpected_percent_total": 0.0,
        "partial_unexpected_list": []
      },
      "meta": {},
      "exception_info": {
        "raised_exception": false,
        "exception_message": null,
        "exception_traceback": null
      }
    },
    {
      "success": true,
      "expectation_config": {
        "expectation_type": "expect_column_values_to_be_between",
        "kwargs": {
          "column": "Turbidity",
          "min_value": 0.0,
          "max_value": 10.0
        },
        "meta": {}
      },
      "result": {
        "element_count": 1000,
        "missing_count": 0,
        "missing_percent": 0.0,
        "unexpected_count": 0,
        "unexpected_percent": 0.0,
        "unexpected_percent_total": 0.0,
        "unexpected_percent_nonmissing": 0.0,
        "partial_unexpected_list": []
      },
      "meta": {},
      "exception_info": {
        "raised_exception": false,
        "exception_message": null,
        "exception_traceback": null
      }
    },
    {
      "success": true,
      "expectation_config": {
        "expectation_type": "expect_column_values_to_not_be_null",
        "kwargs": {
          "column": "Potability"
        },
        "meta": {}
      },
      "result": {
        "element_count": 1000,
        "unexpected_count": 0,
        "unexpected_percent": 0.0,
        "unexpected_percent_total": 0.0,
        "partial_unexpected_list": []
      },
      "meta": {},
      "exception_info": {
        "raised_exception": false,
        "exception_message": null,
        "exception_traceback": null
      }
    },
    {
      "success": true,
      "expectation_config": {
        "expectation_type": "expect_column_values_to_be_in_set",
        "kwargs": {
          "column": "Potability",
          "value_set": [
            0,
            1
          ]
        },
        "meta": {}
      },
      "result": {
        "element_count": 1000,
        "missing_count": 0,
        "missing_percent": 0.0,
        "unexpected_count": 0,
        "unexpected_percent": 0.0,
        "unexpected_percent_total": 0.0,
        "unexpected_percent_nonmissing": 0.0,
        "partial_unexpected_list": []
      },
      "meta": {},
      "exception_info": {
        "raised_exception": false,
        "exception_message": null,
        "exception_traceback": null
      }
    }
  ],
  "evaluation_parameters": {},
  "statistics": {
    "evaluated_expectations": 29,
    "successful_expectations": 19,
    "unsuccessful_expectations": 10,
    "success_percent": 65.51724137931035
  },
  "meta": {
    "great_expectations_version": "0.18.13",
    "expectation_suite_name": "ex_dyali",
    "run_id": {
      "run_name": null,
      "run_time": "2024-05-18T02:40:10.438854+00:00"
    },
    "batch_kwargs": {
      "ge_batch_id": "f212460e-14bf-11ef-baa9-0242ac120003"
    },
    "batch_markers": {},
    "batch_parameters": {},
    "validation_time": "20240518T024010.438475Z",
    "expectation_suite_meta": {
      "great_expectations_version": "0.18.12"
    }
  }
}
[2024-05-18T02:40:10.587+0000] {logging_mixin.py:188} INFO - /opt/***/dags/raw-data/data_part_3.csv is bad data
[2024-05-18T02:40:10.637+0000] {logging_mixin.py:188} INFO - Bad data saved at /opt/***/dags/bad-data/data_part_3.csv
[2024-05-18T02:40:10.639+0000] {python.py:237} INFO - Done. Returned value was: None
[2024-05-18T02:40:10.640+0000] {taskinstance.py:441} INFO - ::group::Post task execution logs
[2024-05-18T02:40:10.654+0000] {taskinstance.py:1206} INFO - Marking task as SUCCESS. dag_id=data_ingestion_pipelines_2, task_id=validate_data, run_id=scheduled__2024-05-17T00:00:00+00:00, execution_date=20240517T000000, start_date=20240518T024009, end_date=20240518T024010
[2024-05-18T02:40:10.707+0000] {local_task_job_runner.py:240} INFO - Task exited with return code 0
[2024-05-18T02:40:10.750+0000] {taskinstance.py:3498} INFO - 1 downstream tasks scheduled from follow-on schedule check
[2024-05-18T02:40:10.752+0000] {local_task_job_runner.py:222} INFO - ::endgroup::
