[2024-05-18T00:00:16.890+0000] {local_task_job_runner.py:120} INFO - ::group::Pre task execution logs
[2024-05-18T00:00:16.945+0000] {taskinstance.py:2076} INFO - Dependencies all met for dep_context=non-requeueable deps ti=<TaskInstance: data_ingestion_pipelines_2.validate_data scheduled__2024-05-17T00:00:00+00:00 [queued]>
[2024-05-18T00:00:16.960+0000] {taskinstance.py:2076} INFO - Dependencies all met for dep_context=requeueable deps ti=<TaskInstance: data_ingestion_pipelines_2.validate_data scheduled__2024-05-17T00:00:00+00:00 [queued]>
[2024-05-18T00:00:16.962+0000] {taskinstance.py:2306} INFO - Starting attempt 1 of 1
[2024-05-18T00:00:16.983+0000] {taskinstance.py:2330} INFO - Executing <Task(PythonOperator): validate_data> on 2024-05-17 00:00:00+00:00
[2024-05-18T00:00:17.000+0000] {warnings.py:110} WARNING - /home/***/.local/lib/python3.12/site-packages/***/task/task_runner/standard_task_runner.py:61: DeprecationWarning: This process (pid=22427) is multi-threaded, use of fork() may lead to deadlocks in the child.
  pid = os.fork()

[2024-05-18T00:00:17.002+0000] {standard_task_runner.py:63} INFO - Started process 22446 to run task
[2024-05-18T00:00:17.002+0000] {standard_task_runner.py:90} INFO - Running: ['***', 'tasks', 'run', 'data_ingestion_pipelines_2', 'validate_data', 'scheduled__2024-05-17T00:00:00+00:00', '--job-id', '120', '--raw', '--subdir', 'DAGS_FOLDER/data-ingestion-dag.py', '--cfg-path', '/tmp/tmp3jiw3m1m']
[2024-05-18T00:00:17.005+0000] {standard_task_runner.py:91} INFO - Job 120: Subtask validate_data
[2024-05-18T00:00:17.088+0000] {task_command.py:426} INFO - Running <TaskInstance: data_ingestion_pipelines_2.validate_data scheduled__2024-05-17T00:00:00+00:00 [running]> on host e512d0910ba5
[2024-05-18T00:00:17.233+0000] {taskinstance.py:2648} INFO - Exporting env vars: AIRFLOW_CTX_DAG_OWNER='***' AIRFLOW_CTX_DAG_ID='data_ingestion_pipelines_2' AIRFLOW_CTX_TASK_ID='validate_data' AIRFLOW_CTX_EXECUTION_DATE='2024-05-17T00:00:00+00:00' AIRFLOW_CTX_TRY_NUMBER='1' AIRFLOW_CTX_DAG_RUN_ID='scheduled__2024-05-17T00:00:00+00:00'
[2024-05-18T00:00:17.235+0000] {taskinstance.py:430} INFO - ::endgroup::
[2024-05-18T00:00:17.269+0000] {logging_mixin.py:188} INFO - file_path in validate_data is  /opt/***/dags/raw-data/data_part_1.csv
[2024-05-18T00:00:17.270+0000] {logging_mixin.py:188} INFO - data_asset_name is  data_part_1
[2024-05-18T00:00:17.342+0000] {warnings.py:110} WARNING - /home/***/.local/lib/python3.12/site-packages/great_expectations/data_context/data_context/base_data_context.py:158: DeprecationWarning: DataContext and BaseDataContext are deprecated as of v0.17.10 and will be removed in v0.20. Please use gx.get_context instead.
  warnings.warn(

[2024-05-18T00:00:17.404+0000] {file_data_context.py:222} INFO - FileDataContext loading fluent config
[2024-05-18T00:00:17.436+0000] {config.py:187} INFO - Loading 'datasources' ->
[]
[2024-05-18T00:00:18.031+0000] {data_asset.py:541} INFO - 	29 expectation(s) included in expectation_suite.
[2024-05-18T00:00:18.152+0000] {logging_mixin.py:188} INFO - validation_results: {
  "success": false,
  "results": [
    {
      "success": false,
      "expectation_config": {
        "expectation_type": "expect_column_values_to_match_regex",
        "kwargs": {
          "column": "ph",
          "regex": "^\\d*\\.?\\d*$"
        },
        "meta": {}
      },
      "result": {
        "element_count": 14,
        "missing_count": 3,
        "missing_percent": 21.428571428571427,
        "unexpected_count": 1,
        "unexpected_percent": 9.090909090909092,
        "unexpected_percent_total": 7.142857142857142,
        "unexpected_percent_nonmissing": 9.090909090909092,
        "partial_unexpected_list": [
          "INVALID"
        ]
      },
      "meta": {},
      "exception_info": {
        "raised_exception": false,
        "exception_message": null,
        "exception_traceback": null
      }
    },
    {
      "success": false,
      "expectation_config": {
        "expectation_type": "expect_column_values_to_be_of_type",
        "kwargs": {
          "column": "ph",
          "type_": "float"
        },
        "meta": {}
      },
      "result": {
        "element_count": 14,
        "missing_count": 3,
        "missing_percent": 21.428571428571427,
        "unexpected_count": 11,
        "unexpected_percent": 100.0,
        "unexpected_percent_total": 78.57142857142857,
        "unexpected_percent_nonmissing": 100.0,
        "partial_unexpected_list": [
          "3.71608007538699",
          "8.099124189298397",
          "8.316765884214679",
          "9.092223456290965",
          "5.584086638456089",
          "10.223862164528772",
          "8.635848718500734",
          "11.180284470721592",
          "INVALID",
          "7.974521648923869",
          "7.119824384264552"
        ]
      },
      "meta": {},
      "exception_info": {
        "raised_exception": false,
        "exception_message": null,
        "exception_traceback": null
      }
    },
    {
      "success": false,
      "expectation_config": {
        "expectation_type": "expect_column_values_to_be_between",
        "kwargs": {
          "column": "ph",
          "min_value": 0.0,
          "max_value": 14.0
        },
        "meta": {}
      },
      "result": {},
      "meta": {},
      "exception_info": {
        "raised_exception": true,
        "exception_message": "TypeError: Column values, min_value, and max_value must either be None or of the same type.",
        "exception_traceback": "Traceback (most recent call last):\n  File \"/home/***/.local/lib/python3.12/site-packages/great_expectations/dataset/pandas_dataset.py\", line 1227, in expect_column_values_to_be_between\n    return min_comparator(temp_column) & max_comparator(temp_column)\n           ^^^^^^^^^^^^^^^^^^^^^^^^^^^\n  File \"/home/***/.local/lib/python3.12/site-packages/great_expectations/dataset/pandas_dataset.py\", line 1210, in new_comparator\n    return comparator(value, comparison_value)\n           ^^^^^^^^^^^^^^^^^^^^^^^^^^^^^^^^^^^\n  File \"/home/***/.local/lib/python3.12/site-packages/pandas/core/ops/common.py\", line 76, in new_method\n    return method(self, other)\n           ^^^^^^^^^^^^^^^^^^^\n  File \"/home/***/.local/lib/python3.12/site-packages/pandas/core/arraylike.py\", line 60, in __ge__\n    return self._cmp_method(other, operator.ge)\n           ^^^^^^^^^^^^^^^^^^^^^^^^^^^^^^^^^^^^\n  File \"/home/***/.local/lib/python3.12/site-packages/pandas/core/series.py\", line 5803, in _cmp_method\n    res_values = ops.comparison_op(lvalues, rvalues, op)\n                 ^^^^^^^^^^^^^^^^^^^^^^^^^^^^^^^^^^^^^^^\n  File \"/home/***/.local/lib/python3.12/site-packages/pandas/core/ops/array_ops.py\", line 346, in comparison_op\n    res_values = comp_method_OBJECT_ARRAY(op, lvalues, rvalues)\n                 ^^^^^^^^^^^^^^^^^^^^^^^^^^^^^^^^^^^^^^^^^^^^^^\n  File \"/home/***/.local/lib/python3.12/site-packages/pandas/core/ops/array_ops.py\", line 131, in comp_method_OBJECT_ARRAY\n    result = libops.scalar_compare(x.ravel(), y, op)\n             ^^^^^^^^^^^^^^^^^^^^^^^^^^^^^^^^^^^^^^^\n  File \"ops.pyx\", line 107, in pandas._libs.ops.scalar_compare\nTypeError: '>=' not supported between instances of 'str' and 'float'\n\nDuring handling of the above exception, another exception occurred:\n\nTraceback (most recent call last):\n  File \"/home/***/.local/lib/python3.12/site-packages/great_expectations/data_asset/data_asset.py\", line 244, in wrapper\n    return_obj = func(self, **evaluation_args)\n                 ^^^^^^^^^^^^^^^^^^^^^^^^^^^^^\n  File \"/home/***/.local/lib/python3.12/site-packages/great_expectations/dataset/pandas_dataset.py\", line 111, in inner_wrapper\n    boolean_mapped_success_values = func(self, nonnull_values, *args, **kwargs)\n                                    ^^^^^^^^^^^^^^^^^^^^^^^^^^^^^^^^^^^^^^^^^^^\n  File \"/home/***/.local/lib/python3.12/site-packages/great_expectations/dataset/pandas_dataset.py\", line 1231, in expect_column_values_to_be_between\n    raise TypeError(\nTypeError: Column values, min_value, and max_value must either be None or of the same type.\n"
      }
    },
    {
      "success": false,
      "expectation_config": {
        "expectation_type": "expect_column_values_to_match_regex",
        "kwargs": {
          "column": "Hardness",
          "regex": "^\\d*\\.?\\d*$"
        },
        "meta": {}
      },
      "result": {
        "element_count": 14,
        "missing_count": 0,
        "missing_percent": 0.0,
        "unexpected_count": 1,
        "unexpected_percent": 7.142857142857142,
        "unexpected_percent_total": 7.142857142857142,
        "unexpected_percent_nonmissing": 7.142857142857142,
        "partial_unexpected_list": [
          "INVALID"
        ]
      },
      "meta": {},
      "exception_info": {
        "raised_exception": false,
        "exception_message": null,
        "exception_traceback": null
      }
    },
    {
      "success": false,
      "expectation_config": {
        "expectation_type": "expect_column_values_to_be_of_type",
        "kwargs": {
          "column": "Hardness",
          "type_": "float"
        },
        "meta": {}
      },
      "result": {
        "element_count": 14,
        "missing_count": 0,
        "missing_percent": 0.0,
        "unexpected_count": 14,
        "unexpected_percent": 100.0,
        "unexpected_percent_total": 100.0,
        "unexpected_percent_nonmissing": 100.0,
        "partial_unexpected_list": [
          "204.8904554713363",
          "129.42292051494425",
          "INVALID",
          "214.3733940856225",
          "181.10150923612525",
          "188.3133237696164",
          "248.07173527013992",
          "203.3615225845705",
          "118.98857909025187",
          "227.2314692379745",
          "165.52079725952862",
          "218.69330048866644",
          "156.70499334039215",
          "150.1749233951362"
        ]
      },
      "meta": {},
      "exception_info": {
        "raised_exception": false,
        "exception_message": null,
        "exception_traceback": null
      }
    },
    {
      "success": false,
      "expectation_config": {
        "expectation_type": "expect_column_values_to_be_between",
        "kwargs": {
          "column": "Hardness",
          "min_value": 0.0,
          "max_value": 1000.0
        },
        "meta": {}
      },
      "result": {},
      "meta": {},
      "exception_info": {
        "raised_exception": true,
        "exception_message": "TypeError: Column values, min_value, and max_value must either be None or of the same type.",
        "exception_traceback": "Traceback (most recent call last):\n  File \"/home/***/.local/lib/python3.12/site-packages/great_expectations/dataset/pandas_dataset.py\", line 1227, in expect_column_values_to_be_between\n    return min_comparator(temp_column) & max_comparator(temp_column)\n           ^^^^^^^^^^^^^^^^^^^^^^^^^^^\n  File \"/home/***/.local/lib/python3.12/site-packages/great_expectations/dataset/pandas_dataset.py\", line 1210, in new_comparator\n    return comparator(value, comparison_value)\n           ^^^^^^^^^^^^^^^^^^^^^^^^^^^^^^^^^^^\n  File \"/home/***/.local/lib/python3.12/site-packages/pandas/core/ops/common.py\", line 76, in new_method\n    return method(self, other)\n           ^^^^^^^^^^^^^^^^^^^\n  File \"/home/***/.local/lib/python3.12/site-packages/pandas/core/arraylike.py\", line 60, in __ge__\n    return self._cmp_method(other, operator.ge)\n           ^^^^^^^^^^^^^^^^^^^^^^^^^^^^^^^^^^^^\n  File \"/home/***/.local/lib/python3.12/site-packages/pandas/core/series.py\", line 5803, in _cmp_method\n    res_values = ops.comparison_op(lvalues, rvalues, op)\n                 ^^^^^^^^^^^^^^^^^^^^^^^^^^^^^^^^^^^^^^^\n  File \"/home/***/.local/lib/python3.12/site-packages/pandas/core/ops/array_ops.py\", line 346, in comparison_op\n    res_values = comp_method_OBJECT_ARRAY(op, lvalues, rvalues)\n                 ^^^^^^^^^^^^^^^^^^^^^^^^^^^^^^^^^^^^^^^^^^^^^^\n  File \"/home/***/.local/lib/python3.12/site-packages/pandas/core/ops/array_ops.py\", line 131, in comp_method_OBJECT_ARRAY\n    result = libops.scalar_compare(x.ravel(), y, op)\n             ^^^^^^^^^^^^^^^^^^^^^^^^^^^^^^^^^^^^^^^\n  File \"ops.pyx\", line 107, in pandas._libs.ops.scalar_compare\nTypeError: '>=' not supported between instances of 'str' and 'float'\n\nDuring handling of the above exception, another exception occurred:\n\nTraceback (most recent call last):\n  File \"/home/***/.local/lib/python3.12/site-packages/great_expectations/data_asset/data_asset.py\", line 244, in wrapper\n    return_obj = func(self, **evaluation_args)\n                 ^^^^^^^^^^^^^^^^^^^^^^^^^^^^^\n  File \"/home/***/.local/lib/python3.12/site-packages/great_expectations/dataset/pandas_dataset.py\", line 111, in inner_wrapper\n    boolean_mapped_success_values = func(self, nonnull_values, *args, **kwargs)\n                                    ^^^^^^^^^^^^^^^^^^^^^^^^^^^^^^^^^^^^^^^^^^^\n  File \"/home/***/.local/lib/python3.12/site-packages/great_expectations/dataset/pandas_dataset.py\", line 1231, in expect_column_values_to_be_between\n    raise TypeError(\nTypeError: Column values, min_value, and max_value must either be None or of the same type.\n"
      }
    },
    {
      "success": true,
      "expectation_config": {
        "expectation_type": "expect_column_values_to_match_regex",
        "kwargs": {
          "column": "Solids",
          "regex": "^\\d*\\.?\\d*$"
        },
        "meta": {}
      },
      "result": {
        "element_count": 14,
        "missing_count": 0,
        "missing_percent": 0.0,
        "unexpected_count": 0,
        "unexpected_percent": 0.0,
        "unexpected_percent_total": 0.0,
        "unexpected_percent_nonmissing": 0.0,
        "partial_unexpected_list": []
      },
      "meta": {},
      "exception_info": {
        "raised_exception": false,
        "exception_message": null,
        "exception_traceback": null
      }
    },
    {
      "success": true,
      "expectation_config": {
        "expectation_type": "expect_column_values_to_be_of_type",
        "kwargs": {
          "column": "Solids",
          "type_": "float"
        },
        "meta": {}
      },
      "result": {
        "observed_value": "float64"
      },
      "meta": {},
      "exception_info": {
        "raised_exception": false,
        "exception_message": null,
        "exception_traceback": null
      }
    },
    {
      "success": true,
      "expectation_config": {
        "expectation_type": "expect_column_values_to_be_between",
        "kwargs": {
          "column": "Solids",
          "min_value": 0.0,
          "max_value": 50000.0
        },
        "meta": {}
      },
      "result": {
        "element_count": 14,
        "missing_count": 0,
        "missing_percent": 0.0,
        "unexpected_count": 0,
        "unexpected_percent": 0.0,
        "unexpected_percent_total": 0.0,
        "unexpected_percent_nonmissing": 0.0,
        "partial_unexpected_list": []
      },
      "meta": {},
      "exception_info": {
        "raised_exception": false,
        "exception_message": null,
        "exception_traceback": null
      }
    },
    {
      "success": false,
      "expectation_config": {
        "expectation_type": "expect_column_values_to_match_regex",
        "kwargs": {
          "column": "Chloramines",
          "regex": "^\\d*\\.?\\d*$"
        },
        "meta": {}
      },
      "result": {},
      "meta": {},
      "exception_info": {
        "raised_exception": true,
        "exception_message": "KeyError: 'Chloramines'",
        "exception_traceback": "Traceback (most recent call last):\n  File \"/home/***/.local/lib/python3.12/site-packages/pandas/core/indexes/base.py\", line 3791, in get_loc\n    return self._engine.get_loc(casted_key)\n           ^^^^^^^^^^^^^^^^^^^^^^^^^^^^^^^^\n  File \"index.pyx\", line 152, in pandas._libs.index.IndexEngine.get_loc\n  File \"index.pyx\", line 181, in pandas._libs.index.IndexEngine.get_loc\n  File \"pandas/_libs/hashtable_class_helper.pxi\", line 7080, in pandas._libs.hashtable.PyObjectHashTable.get_item\n  File \"pandas/_libs/hashtable_class_helper.pxi\", line 7088, in pandas._libs.hashtable.PyObjectHashTable.get_item\nKeyError: 'Chloramines'\n\nThe above exception was the direct cause of the following exception:\n\nTraceback (most recent call last):\n  File \"/home/***/.local/lib/python3.12/site-packages/great_expectations/data_asset/data_asset.py\", line 244, in wrapper\n    return_obj = func(self, **evaluation_args)\n                 ^^^^^^^^^^^^^^^^^^^^^^^^^^^^^\n  File \"/home/***/.local/lib/python3.12/site-packages/great_expectations/dataset/pandas_dataset.py\", line 81, in inner_wrapper\n    series = data[column]\n             ~~~~^^^^^^^^\n  File \"/home/***/.local/lib/python3.12/site-packages/pandas/core/frame.py\", line 3893, in __getitem__\n    indexer = self.columns.get_loc(key)\n              ^^^^^^^^^^^^^^^^^^^^^^^^^\n  File \"/home/***/.local/lib/python3.12/site-packages/pandas/core/indexes/base.py\", line 3798, in get_loc\n    raise KeyError(key) from err\nKeyError: 'Chloramines'\n"
      }
    },
    {
      "success": false,
      "expectation_config": {
        "expectation_type": "expect_column_values_to_be_of_type",
        "kwargs": {
          "column": "Chloramines",
          "type_": "float"
        },
        "meta": {}
      },
      "result": {},
      "meta": {},
      "exception_info": {
        "raised_exception": true,
        "exception_traceback": "Traceback (most recent call last):\n  File \"/home/***/.local/lib/python3.12/site-packages/pandas/core/indexes/base.py\", line 3791, in get_loc\n    return self._engine.get_loc(casted_key)\n           ^^^^^^^^^^^^^^^^^^^^^^^^^^^^^^^^\n  File \"index.pyx\", line 152, in pandas._libs.index.IndexEngine.get_loc\n  File \"index.pyx\", line 181, in pandas._libs.index.IndexEngine.get_loc\n  File \"pandas/_libs/hashtable_class_helper.pxi\", line 7080, in pandas._libs.hashtable.PyObjectHashTable.get_item\n  File \"pandas/_libs/hashtable_class_helper.pxi\", line 7088, in pandas._libs.hashtable.PyObjectHashTable.get_item\nKeyError: 'Chloramines'\n\nThe above exception was the direct cause of the following exception:\n\nTraceback (most recent call last):\n  File \"/home/***/.local/lib/python3.12/site-packages/great_expectations/data_asset/data_asset.py\", line 820, in validate\n    result = expectation_method(\n             ^^^^^^^^^^^^^^^^^^^\n  File \"/home/***/.local/lib/python3.12/site-packages/great_expectations/data_asset/util.py\", line 78, in f\n    return self.mthd(obj, *args, **kwargs)\n           ^^^^^^^^^^^^^^^^^^^^^^^^^^^^^^^\n  File \"/home/***/.local/lib/python3.12/site-packages/great_expectations/dataset/pandas_dataset.py\", line 716, in expect_column_values_to_be_of_type\n    self[column].dtype != \"object\"\n    ~~~~^^^^^^^^\n  File \"/home/***/.local/lib/python3.12/site-packages/pandas/core/frame.py\", line 3893, in __getitem__\n    indexer = self.columns.get_loc(key)\n              ^^^^^^^^^^^^^^^^^^^^^^^^^\n  File \"/home/***/.local/lib/python3.12/site-packages/pandas/core/indexes/base.py\", line 3798, in get_loc\n    raise KeyError(key) from err\nKeyError: 'Chloramines'\n",
        "exception_message": "'Chloramines'"
      }
    },
    {
      "success": false,
      "expectation_config": {
        "expectation_type": "expect_column_values_to_be_between",
        "kwargs": {
          "column": "Chloramines",
          "min_value": 0.0,
          "max_value": 10.0
        },
        "meta": {}
      },
      "result": {},
      "meta": {},
      "exception_info": {
        "raised_exception": true,
        "exception_message": "KeyError: 'Chloramines'",
        "exception_traceback": "Traceback (most recent call last):\n  File \"/home/***/.local/lib/python3.12/site-packages/pandas/core/indexes/base.py\", line 3791, in get_loc\n    return self._engine.get_loc(casted_key)\n           ^^^^^^^^^^^^^^^^^^^^^^^^^^^^^^^^\n  File \"index.pyx\", line 152, in pandas._libs.index.IndexEngine.get_loc\n  File \"index.pyx\", line 181, in pandas._libs.index.IndexEngine.get_loc\n  File \"pandas/_libs/hashtable_class_helper.pxi\", line 7080, in pandas._libs.hashtable.PyObjectHashTable.get_item\n  File \"pandas/_libs/hashtable_class_helper.pxi\", line 7088, in pandas._libs.hashtable.PyObjectHashTable.get_item\nKeyError: 'Chloramines'\n\nThe above exception was the direct cause of the following exception:\n\nTraceback (most recent call last):\n  File \"/home/***/.local/lib/python3.12/site-packages/great_expectations/data_asset/data_asset.py\", line 244, in wrapper\n    return_obj = func(self, **evaluation_args)\n                 ^^^^^^^^^^^^^^^^^^^^^^^^^^^^^\n  File \"/home/***/.local/lib/python3.12/site-packages/great_expectations/dataset/pandas_dataset.py\", line 81, in inner_wrapper\n    series = data[column]\n             ~~~~^^^^^^^^\n  File \"/home/***/.local/lib/python3.12/site-packages/pandas/core/frame.py\", line 3893, in __getitem__\n    indexer = self.columns.get_loc(key)\n              ^^^^^^^^^^^^^^^^^^^^^^^^^\n  File \"/home/***/.local/lib/python3.12/site-packages/pandas/core/indexes/base.py\", line 3798, in get_loc\n    raise KeyError(key) from err\nKeyError: 'Chloramines'\n"
      }
    },
    {
      "success": true,
      "expectation_config": {
        "expectation_type": "expect_column_values_to_match_regex",
        "kwargs": {
          "column": "Sulfate",
          "regex": "^\\d*\\.?\\d*$"
        },
        "meta": {}
      },
      "result": {
        "element_count": 14,
        "missing_count": 3,
        "missing_percent": 21.428571428571427,
        "unexpected_count": 0,
        "unexpected_percent": 0.0,
        "unexpected_percent_total": 0.0,
        "unexpected_percent_nonmissing": 0.0,
        "partial_unexpected_list": []
      },
      "meta": {},
      "exception_info": {
        "raised_exception": false,
        "exception_message": null,
        "exception_traceback": null
      }
    },
    {
      "success": true,
      "expectation_config": {
        "expectation_type": "expect_column_values_to_be_of_type",
        "kwargs": {
          "column": "Sulfate",
          "type_": "float"
        },
        "meta": {}
      },
      "result": {
        "observed_value": "float64"
      },
      "meta": {},
      "exception_info": {
        "raised_exception": false,
        "exception_message": null,
        "exception_traceback": null
      }
    },
    {
      "success": true,
      "expectation_config": {
        "expectation_type": "expect_column_values_to_be_between",
        "kwargs": {
          "column": "Sulfate",
          "min_value": 0.0,
          "max_value": 500.0
        },
        "meta": {}
      },
      "result": {
        "element_count": 14,
        "missing_count": 3,
        "missing_percent": 21.428571428571427,
        "unexpected_count": 0,
        "unexpected_percent": 0.0,
        "unexpected_percent_total": 0.0,
        "unexpected_percent_nonmissing": 0.0,
        "partial_unexpected_list": []
      },
      "meta": {},
      "exception_info": {
        "raised_exception": false,
        "exception_message": null,
        "exception_traceback": null
      }
    },
    {
      "success": false,
      "expectation_config": {
        "expectation_type": "expect_column_values_to_match_regex",
        "kwargs": {
          "column": "Conductivity",
          "regex": "^\\d*\\.?\\d*$"
        },
        "meta": {}
      },
      "result": {
        "element_count": 14,
        "missing_count": 0,
        "missing_percent": 0.0,
        "unexpected_count": 1,
        "unexpected_percent": 7.142857142857142,
        "unexpected_percent_total": 7.142857142857142,
        "unexpected_percent_nonmissing": 7.142857142857142,
        "partial_unexpected_list": [
          "INVALID"
        ]
      },
      "meta": {},
      "exception_info": {
        "raised_exception": false,
        "exception_message": null,
        "exception_traceback": null
      }
    },
    {
      "success": false,
      "expectation_config": {
        "expectation_type": "expect_column_values_to_be_of_type",
        "kwargs": {
          "column": "Conductivity",
          "type_": "float"
        },
        "meta": {}
      },
      "result": {
        "element_count": 14,
        "missing_count": 0,
        "missing_percent": 0.0,
        "unexpected_count": 14,
        "unexpected_percent": 100.0,
        "unexpected_percent_total": 100.0,
        "unexpected_percent_nonmissing": 100.0,
        "partial_unexpected_list": [
          "564.3086541722439",
          "INVALID",
          "418.6062130644815",
          "363.2665161642437",
          "398.4108133818447",
          "280.4679159334877",
          "283.6516335078445",
          "474.6076449424485",
          "389.3755658712614",
          "563.8854814810949",
          "425.3834194953873",
          "364.0982304620487",
          "347.71502726194376",
          "379.7618348257725"
        ]
      },
      "meta": {},
      "exception_info": {
        "raised_exception": false,
        "exception_message": null,
        "exception_traceback": null
      }
    },
    {
      "success": false,
      "expectation_config": {
        "expectation_type": "expect_column_values_to_be_between",
        "kwargs": {
          "column": "Conductivity",
          "min_value": 0.0,
          "max_value": 2000.0
        },
        "meta": {}
      },
      "result": {},
      "meta": {},
      "exception_info": {
        "raised_exception": true,
        "exception_message": "TypeError: Column values, min_value, and max_value must either be None or of the same type.",
        "exception_traceback": "Traceback (most recent call last):\n  File \"/home/***/.local/lib/python3.12/site-packages/great_expectations/dataset/pandas_dataset.py\", line 1227, in expect_column_values_to_be_between\n    return min_comparator(temp_column) & max_comparator(temp_column)\n           ^^^^^^^^^^^^^^^^^^^^^^^^^^^\n  File \"/home/***/.local/lib/python3.12/site-packages/great_expectations/dataset/pandas_dataset.py\", line 1210, in new_comparator\n    return comparator(value, comparison_value)\n           ^^^^^^^^^^^^^^^^^^^^^^^^^^^^^^^^^^^\n  File \"/home/***/.local/lib/python3.12/site-packages/pandas/core/ops/common.py\", line 76, in new_method\n    return method(self, other)\n           ^^^^^^^^^^^^^^^^^^^\n  File \"/home/***/.local/lib/python3.12/site-packages/pandas/core/arraylike.py\", line 60, in __ge__\n    return self._cmp_method(other, operator.ge)\n           ^^^^^^^^^^^^^^^^^^^^^^^^^^^^^^^^^^^^\n  File \"/home/***/.local/lib/python3.12/site-packages/pandas/core/series.py\", line 5803, in _cmp_method\n    res_values = ops.comparison_op(lvalues, rvalues, op)\n                 ^^^^^^^^^^^^^^^^^^^^^^^^^^^^^^^^^^^^^^^\n  File \"/home/***/.local/lib/python3.12/site-packages/pandas/core/ops/array_ops.py\", line 346, in comparison_op\n    res_values = comp_method_OBJECT_ARRAY(op, lvalues, rvalues)\n                 ^^^^^^^^^^^^^^^^^^^^^^^^^^^^^^^^^^^^^^^^^^^^^^\n  File \"/home/***/.local/lib/python3.12/site-packages/pandas/core/ops/array_ops.py\", line 131, in comp_method_OBJECT_ARRAY\n    result = libops.scalar_compare(x.ravel(), y, op)\n             ^^^^^^^^^^^^^^^^^^^^^^^^^^^^^^^^^^^^^^^\n  File \"ops.pyx\", line 107, in pandas._libs.ops.scalar_compare\nTypeError: '>=' not supported between instances of 'str' and 'float'\n\nDuring handling of the above exception, another exception occurred:\n\nTraceback (most recent call last):\n  File \"/home/***/.local/lib/python3.12/site-packages/great_expectations/data_asset/data_asset.py\", line 244, in wrapper\n    return_obj = func(self, **evaluation_args)\n                 ^^^^^^^^^^^^^^^^^^^^^^^^^^^^^\n  File \"/home/***/.local/lib/python3.12/site-packages/great_expectations/dataset/pandas_dataset.py\", line 111, in inner_wrapper\n    boolean_mapped_success_values = func(self, nonnull_values, *args, **kwargs)\n                                    ^^^^^^^^^^^^^^^^^^^^^^^^^^^^^^^^^^^^^^^^^^^\n  File \"/home/***/.local/lib/python3.12/site-packages/great_expectations/dataset/pandas_dataset.py\", line 1231, in expect_column_values_to_be_between\n    raise TypeError(\nTypeError: Column values, min_value, and max_value must either be None or of the same type.\n"
      }
    },
    {
      "success": false,
      "expectation_config": {
        "expectation_type": "expect_column_values_to_match_regex",
        "kwargs": {
          "column": "Organic_carbon",
          "regex": "^\\d*\\.?\\d*$"
        },
        "meta": {}
      },
      "result": {},
      "meta": {},
      "exception_info": {
        "raised_exception": true,
        "exception_message": "KeyError: 'Organic_carbon'",
        "exception_traceback": "Traceback (most recent call last):\n  File \"/home/***/.local/lib/python3.12/site-packages/pandas/core/indexes/base.py\", line 3791, in get_loc\n    return self._engine.get_loc(casted_key)\n           ^^^^^^^^^^^^^^^^^^^^^^^^^^^^^^^^\n  File \"index.pyx\", line 152, in pandas._libs.index.IndexEngine.get_loc\n  File \"index.pyx\", line 181, in pandas._libs.index.IndexEngine.get_loc\n  File \"pandas/_libs/hashtable_class_helper.pxi\", line 7080, in pandas._libs.hashtable.PyObjectHashTable.get_item\n  File \"pandas/_libs/hashtable_class_helper.pxi\", line 7088, in pandas._libs.hashtable.PyObjectHashTable.get_item\nKeyError: 'Organic_carbon'\n\nThe above exception was the direct cause of the following exception:\n\nTraceback (most recent call last):\n  File \"/home/***/.local/lib/python3.12/site-packages/great_expectations/data_asset/data_asset.py\", line 244, in wrapper\n    return_obj = func(self, **evaluation_args)\n                 ^^^^^^^^^^^^^^^^^^^^^^^^^^^^^\n  File \"/home/***/.local/lib/python3.12/site-packages/great_expectations/dataset/pandas_dataset.py\", line 81, in inner_wrapper\n    series = data[column]\n             ~~~~^^^^^^^^\n  File \"/home/***/.local/lib/python3.12/site-packages/pandas/core/frame.py\", line 3893, in __getitem__\n    indexer = self.columns.get_loc(key)\n              ^^^^^^^^^^^^^^^^^^^^^^^^^\n  File \"/home/***/.local/lib/python3.12/site-packages/pandas/core/indexes/base.py\", line 3798, in get_loc\n    raise KeyError(key) from err\nKeyError: 'Organic_carbon'\n"
      }
    },
    {
      "success": false,
      "expectation_config": {
        "expectation_type": "expect_column_values_to_be_of_type",
        "kwargs": {
          "column": "Organic_carbon",
          "type_": "float"
        },
        "meta": {}
      },
      "result": {},
      "meta": {},
      "exception_info": {
        "raised_exception": true,
        "exception_traceback": "Traceback (most recent call last):\n  File \"/home/***/.local/lib/python3.12/site-packages/pandas/core/indexes/base.py\", line 3791, in get_loc\n    return self._engine.get_loc(casted_key)\n           ^^^^^^^^^^^^^^^^^^^^^^^^^^^^^^^^\n  File \"index.pyx\", line 152, in pandas._libs.index.IndexEngine.get_loc\n  File \"index.pyx\", line 181, in pandas._libs.index.IndexEngine.get_loc\n  File \"pandas/_libs/hashtable_class_helper.pxi\", line 7080, in pandas._libs.hashtable.PyObjectHashTable.get_item\n  File \"pandas/_libs/hashtable_class_helper.pxi\", line 7088, in pandas._libs.hashtable.PyObjectHashTable.get_item\nKeyError: 'Organic_carbon'\n\nThe above exception was the direct cause of the following exception:\n\nTraceback (most recent call last):\n  File \"/home/***/.local/lib/python3.12/site-packages/great_expectations/data_asset/data_asset.py\", line 820, in validate\n    result = expectation_method(\n             ^^^^^^^^^^^^^^^^^^^\n  File \"/home/***/.local/lib/python3.12/site-packages/great_expectations/data_asset/util.py\", line 78, in f\n    return self.mthd(obj, *args, **kwargs)\n           ^^^^^^^^^^^^^^^^^^^^^^^^^^^^^^^\n  File \"/home/***/.local/lib/python3.12/site-packages/great_expectations/dataset/pandas_dataset.py\", line 716, in expect_column_values_to_be_of_type\n    self[column].dtype != \"object\"\n    ~~~~^^^^^^^^\n  File \"/home/***/.local/lib/python3.12/site-packages/pandas/core/frame.py\", line 3893, in __getitem__\n    indexer = self.columns.get_loc(key)\n              ^^^^^^^^^^^^^^^^^^^^^^^^^\n  File \"/home/***/.local/lib/python3.12/site-packages/pandas/core/indexes/base.py\", line 3798, in get_loc\n    raise KeyError(key) from err\nKeyError: 'Organic_carbon'\n",
        "exception_message": "'Organic_carbon'"
      }
    },
    {
      "success": false,
      "expectation_config": {
        "expectation_type": "expect_column_values_to_be_between",
        "kwargs": {
          "column": "Organic_carbon",
          "min_value": 0.0,
          "max_value": 20.0
        },
        "meta": {}
      },
      "result": {},
      "meta": {},
      "exception_info": {
        "raised_exception": true,
        "exception_message": "KeyError: 'Organic_carbon'",
        "exception_traceback": "Traceback (most recent call last):\n  File \"/home/***/.local/lib/python3.12/site-packages/pandas/core/indexes/base.py\", line 3791, in get_loc\n    return self._engine.get_loc(casted_key)\n           ^^^^^^^^^^^^^^^^^^^^^^^^^^^^^^^^\n  File \"index.pyx\", line 152, in pandas._libs.index.IndexEngine.get_loc\n  File \"index.pyx\", line 181, in pandas._libs.index.IndexEngine.get_loc\n  File \"pandas/_libs/hashtable_class_helper.pxi\", line 7080, in pandas._libs.hashtable.PyObjectHashTable.get_item\n  File \"pandas/_libs/hashtable_class_helper.pxi\", line 7088, in pandas._libs.hashtable.PyObjectHashTable.get_item\nKeyError: 'Organic_carbon'\n\nThe above exception was the direct cause of the following exception:\n\nTraceback (most recent call last):\n  File \"/home/***/.local/lib/python3.12/site-packages/great_expectations/data_asset/data_asset.py\", line 244, in wrapper\n    return_obj = func(self, **evaluation_args)\n                 ^^^^^^^^^^^^^^^^^^^^^^^^^^^^^\n  File \"/home/***/.local/lib/python3.12/site-packages/great_expectations/dataset/pandas_dataset.py\", line 81, in inner_wrapper\n    series = data[column]\n             ~~~~^^^^^^^^\n  File \"/home/***/.local/lib/python3.12/site-packages/pandas/core/frame.py\", line 3893, in __getitem__\n    indexer = self.columns.get_loc(key)\n              ^^^^^^^^^^^^^^^^^^^^^^^^^\n  File \"/home/***/.local/lib/python3.12/site-packages/pandas/core/indexes/base.py\", line 3798, in get_loc\n    raise KeyError(key) from err\nKeyError: 'Organic_carbon'\n"
      }
    },
    {
      "success": false,
      "expectation_config": {
        "expectation_type": "expect_column_values_to_match_regex",
        "kwargs": {
          "column": "Trihalomethanes",
          "regex": "^\\d*\\.?\\d*$"
        },
        "meta": {}
      },
      "result": {
        "element_count": 14,
        "missing_count": 0,
        "missing_percent": 0.0,
        "unexpected_count": 1,
        "unexpected_percent": 7.142857142857142,
        "unexpected_percent_total": 7.142857142857142,
        "unexpected_percent_nonmissing": 7.142857142857142,
        "partial_unexpected_list": [
          "INVALID"
        ]
      },
      "meta": {},
      "exception_info": {
        "raised_exception": false,
        "exception_message": null,
        "exception_traceback": null
      }
    },
    {
      "success": false,
      "expectation_config": {
        "expectation_type": "expect_column_values_to_be_of_type",
        "kwargs": {
          "column": "Trihalomethanes",
          "type_": "float"
        },
        "meta": {}
      },
      "result": {
        "element_count": 14,
        "missing_count": 0,
        "missing_percent": 0.0,
        "unexpected_count": 14,
        "unexpected_percent": 100.0,
        "unexpected_percent_total": 100.0,
        "unexpected_percent_nonmissing": 100.0,
        "partial_unexpected_list": [
          "86.9909704615088",
          "56.32907628451764",
          "66.42009251176368",
          "100.34167436508008",
          "31.997992727424737",
          "54.91786184199447",
          "84.60355617402357",
          "62.79830896292516",
          "53.92884576751224",
          "71.97660103221915",
          "78.74001566430479",
          "INVALID",
          "79.5007783369744",
          "76.5099955279583"
        ]
      },
      "meta": {},
      "exception_info": {
        "raised_exception": false,
        "exception_message": null,
        "exception_traceback": null
      }
    },
    {
      "success": false,
      "expectation_config": {
        "expectation_type": "expect_column_values_to_be_between",
        "kwargs": {
          "column": "Trihalomethanes",
          "min_value": 0.0,
          "max_value": 120.0
        },
        "meta": {}
      },
      "result": {},
      "meta": {},
      "exception_info": {
        "raised_exception": true,
        "exception_message": "TypeError: Column values, min_value, and max_value must either be None or of the same type.",
        "exception_traceback": "Traceback (most recent call last):\n  File \"/home/***/.local/lib/python3.12/site-packages/great_expectations/dataset/pandas_dataset.py\", line 1227, in expect_column_values_to_be_between\n    return min_comparator(temp_column) & max_comparator(temp_column)\n           ^^^^^^^^^^^^^^^^^^^^^^^^^^^\n  File \"/home/***/.local/lib/python3.12/site-packages/great_expectations/dataset/pandas_dataset.py\", line 1210, in new_comparator\n    return comparator(value, comparison_value)\n           ^^^^^^^^^^^^^^^^^^^^^^^^^^^^^^^^^^^\n  File \"/home/***/.local/lib/python3.12/site-packages/pandas/core/ops/common.py\", line 76, in new_method\n    return method(self, other)\n           ^^^^^^^^^^^^^^^^^^^\n  File \"/home/***/.local/lib/python3.12/site-packages/pandas/core/arraylike.py\", line 60, in __ge__\n    return self._cmp_method(other, operator.ge)\n           ^^^^^^^^^^^^^^^^^^^^^^^^^^^^^^^^^^^^\n  File \"/home/***/.local/lib/python3.12/site-packages/pandas/core/series.py\", line 5803, in _cmp_method\n    res_values = ops.comparison_op(lvalues, rvalues, op)\n                 ^^^^^^^^^^^^^^^^^^^^^^^^^^^^^^^^^^^^^^^\n  File \"/home/***/.local/lib/python3.12/site-packages/pandas/core/ops/array_ops.py\", line 346, in comparison_op\n    res_values = comp_method_OBJECT_ARRAY(op, lvalues, rvalues)\n                 ^^^^^^^^^^^^^^^^^^^^^^^^^^^^^^^^^^^^^^^^^^^^^^\n  File \"/home/***/.local/lib/python3.12/site-packages/pandas/core/ops/array_ops.py\", line 131, in comp_method_OBJECT_ARRAY\n    result = libops.scalar_compare(x.ravel(), y, op)\n             ^^^^^^^^^^^^^^^^^^^^^^^^^^^^^^^^^^^^^^^\n  File \"ops.pyx\", line 107, in pandas._libs.ops.scalar_compare\nTypeError: '>=' not supported between instances of 'str' and 'float'\n\nDuring handling of the above exception, another exception occurred:\n\nTraceback (most recent call last):\n  File \"/home/***/.local/lib/python3.12/site-packages/great_expectations/data_asset/data_asset.py\", line 244, in wrapper\n    return_obj = func(self, **evaluation_args)\n                 ^^^^^^^^^^^^^^^^^^^^^^^^^^^^^\n  File \"/home/***/.local/lib/python3.12/site-packages/great_expectations/dataset/pandas_dataset.py\", line 111, in inner_wrapper\n    boolean_mapped_success_values = func(self, nonnull_values, *args, **kwargs)\n                                    ^^^^^^^^^^^^^^^^^^^^^^^^^^^^^^^^^^^^^^^^^^^\n  File \"/home/***/.local/lib/python3.12/site-packages/great_expectations/dataset/pandas_dataset.py\", line 1231, in expect_column_values_to_be_between\n    raise TypeError(\nTypeError: Column values, min_value, and max_value must either be None or of the same type.\n"
      }
    },
    {
      "success": true,
      "expectation_config": {
        "expectation_type": "expect_column_values_to_match_regex",
        "kwargs": {
          "column": "Turbidity",
          "regex": "^\\d*\\.?\\d*$"
        },
        "meta": {}
      },
      "result": {
        "element_count": 14,
        "missing_count": 0,
        "missing_percent": 0.0,
        "unexpected_count": 0,
        "unexpected_percent": 0.0,
        "unexpected_percent_total": 0.0,
        "unexpected_percent_nonmissing": 0.0,
        "partial_unexpected_list": []
      },
      "meta": {},
      "exception_info": {
        "raised_exception": false,
        "exception_message": null,
        "exception_traceback": null
      }
    },
    {
      "success": true,
      "expectation_config": {
        "expectation_type": "expect_column_values_to_be_of_type",
        "kwargs": {
          "column": "Turbidity",
          "type_": "float"
        },
        "meta": {}
      },
      "result": {
        "observed_value": "float64"
      },
      "meta": {},
      "exception_info": {
        "raised_exception": false,
        "exception_message": null,
        "exception_traceback": null
      }
    },
    {
      "success": true,
      "expectation_config": {
        "expectation_type": "expect_column_values_to_be_between",
        "kwargs": {
          "column": "Turbidity",
          "min_value": 0.0,
          "max_value": 10.0
        },
        "meta": {}
      },
      "result": {
        "element_count": 14,
        "missing_count": 0,
        "missing_percent": 0.0,
        "unexpected_count": 0,
        "unexpected_percent": 0.0,
        "unexpected_percent_total": 0.0,
        "unexpected_percent_nonmissing": 0.0,
        "partial_unexpected_list": []
      },
      "meta": {},
      "exception_info": {
        "raised_exception": false,
        "exception_message": null,
        "exception_traceback": null
      }
    },
    {
      "success": false,
      "expectation_config": {
        "expectation_type": "expect_column_values_to_be_of_type",
        "kwargs": {
          "column": "Potability",
          "type_": "int"
        },
        "meta": {}
      },
      "result": {
        "observed_value": "float64"
      },
      "meta": {},
      "exception_info": {
        "raised_exception": false,
        "exception_message": null,
        "exception_traceback": null
      }
    },
    {
      "success": false,
      "expectation_config": {
        "expectation_type": "expect_column_values_to_be_in_set",
        "kwargs": {
          "column": "Potability",
          "value_set": [
            0,
            1
          ]
        },
        "meta": {}
      },
      "result": {
        "element_count": 14,
        "missing_count": 0,
        "missing_percent": 0.0,
        "unexpected_count": 2,
        "unexpected_percent": 14.285714285714285,
        "unexpected_percent_total": 14.285714285714285,
        "unexpected_percent_nonmissing": 14.285714285714285,
        "partial_unexpected_list": [
          2.0,
          3.0
        ]
      },
      "meta": {},
      "exception_info": {
        "raised_exception": false,
        "exception_message": null,
        "exception_traceback": null
      }
    }
  ],
  "evaluation_parameters": {},
  "statistics": {
    "evaluated_expectations": 29,
    "successful_expectations": 9,
    "unsuccessful_expectations": 20,
    "success_percent": 31.03448275862069
  },
  "meta": {
    "great_expectations_version": "0.18.13",
    "expectation_suite_name": "ex_dyali",
    "run_id": {
      "run_name": null,
      "run_time": "2024-05-18T00:00:18.027659+00:00"
    },
    "batch_kwargs": {
      "ge_batch_id": "9c8c4c72-14a9-11ef-bdfc-0242c0a88003"
    },
    "batch_markers": {},
    "batch_parameters": {},
    "validation_time": "20240518T000018.027274Z",
    "expectation_suite_meta": {
      "great_expectations_version": "0.18.12"
    }
  }
}
[2024-05-18T00:00:18.218+0000] {logging_mixin.py:188} INFO - /opt/***/dags/raw-data/data_part_1.csv is bad data
[2024-05-18T00:00:18.243+0000] {logging_mixin.py:188} INFO - Bad data saved at /opt/***/dags/bad-data/data_part_1.csv
[2024-05-18T00:00:18.244+0000] {python.py:237} INFO - Done. Returned value was: None
[2024-05-18T00:00:18.245+0000] {taskinstance.py:441} INFO - ::group::Post task execution logs
[2024-05-18T00:00:18.263+0000] {taskinstance.py:1206} INFO - Marking task as SUCCESS. dag_id=data_ingestion_pipelines_2, task_id=validate_data, run_id=scheduled__2024-05-17T00:00:00+00:00, execution_date=20240517T000000, start_date=20240518T000016, end_date=20240518T000018
[2024-05-18T00:00:18.383+0000] {local_task_job_runner.py:240} INFO - Task exited with return code 0
[2024-05-18T00:00:18.444+0000] {taskinstance.py:3498} INFO - 0 downstream tasks scheduled from follow-on schedule check
[2024-05-18T00:00:18.448+0000] {local_task_job_runner.py:222} INFO - ::endgroup::
