[2024-05-18T02:06:49.571+0000] {local_task_job_runner.py:120} INFO - ::group::Pre task execution logs
[2024-05-18T02:06:49.660+0000] {taskinstance.py:2076} INFO - Dependencies all met for dep_context=non-requeueable deps ti=<TaskInstance: data_ingestion_pipelines_2.send_alerts scheduled__2024-05-17T00:00:00+00:00 [queued]>
[2024-05-18T02:06:49.686+0000] {taskinstance.py:2076} INFO - Dependencies all met for dep_context=requeueable deps ti=<TaskInstance: data_ingestion_pipelines_2.send_alerts scheduled__2024-05-17T00:00:00+00:00 [queued]>
[2024-05-18T02:06:49.687+0000] {taskinstance.py:2306} INFO - Starting attempt 3 of 3
[2024-05-18T02:06:49.709+0000] {taskinstance.py:2330} INFO - Executing <Task(PythonOperator): send_alerts> on 2024-05-17 00:00:00+00:00
[2024-05-18T02:06:49.723+0000] {warnings.py:110} WARNING - /home/***/.local/lib/python3.12/site-packages/***/task/task_runner/standard_task_runner.py:61: DeprecationWarning: This process (pid=1577) is multi-threaded, use of fork() may lead to deadlocks in the child.
  pid = os.fork()

[2024-05-18T02:06:49.727+0000] {standard_task_runner.py:63} INFO - Started process 1628 to run task
[2024-05-18T02:06:49.727+0000] {standard_task_runner.py:90} INFO - Running: ['***', 'tasks', 'run', 'data_ingestion_pipelines_2', 'send_alerts', 'scheduled__2024-05-17T00:00:00+00:00', '--job-id', '175', '--raw', '--subdir', 'DAGS_FOLDER/data-ingestion-dag.py', '--cfg-path', '/tmp/tmp5xygixp0']
[2024-05-18T02:06:49.730+0000] {standard_task_runner.py:91} INFO - Job 175: Subtask send_alerts
[2024-05-18T02:06:49.828+0000] {task_command.py:426} INFO - Running <TaskInstance: data_ingestion_pipelines_2.send_alerts scheduled__2024-05-17T00:00:00+00:00 [running]> on host 5ee845ef4e45
[2024-05-18T02:06:50.082+0000] {taskinstance.py:2648} INFO - Exporting env vars: AIRFLOW_CTX_DAG_OWNER='***' AIRFLOW_CTX_DAG_ID='data_ingestion_pipelines_2' AIRFLOW_CTX_TASK_ID='send_alerts' AIRFLOW_CTX_EXECUTION_DATE='2024-05-17T00:00:00+00:00' AIRFLOW_CTX_TRY_NUMBER='3' AIRFLOW_CTX_DAG_RUN_ID='scheduled__2024-05-17T00:00:00+00:00'
[2024-05-18T02:06:50.084+0000] {taskinstance.py:430} INFO - ::endgroup::
[2024-05-18T02:06:50.134+0000] {logging_mixin.py:188} INFO - validation_results in send_alerts is  {'success': False, 'results': [{'success': False, 'expectation_config': {'expectation_type': 'expect_column_values_to_match_regex', 'kwargs': {'column': 'ph', 'regex': '^\\d*\\.?\\d*$'}, 'meta': {}}, 'result': {'element_count': 1000, 'missing_count': 0, 'missing_percent': 0.0, 'unexpected_count': 77, 'unexpected_percent': 7.7, 'unexpected_percent_total': 7.7, 'unexpected_percent_nonmissing': 7.7, 'partial_unexpected_list': [-6.812388827450592, -0.6291738461075891, -1.2539765208007625, -0.553825119848506, -2.1930095072863818, -0.8562993246936337, -7.39390308352648, -10.47442892331849, -2.150081814093671, -2.2945078223750297, -1.2449889215657244, -0.0365705995885843, -3.576434877208809, -3.374968588260068, -1.970275462427052, -4.722197484517528, -1.3775706080139756, -0.6911707967329122, -0.8309806496327763, -1.4597263640637674]}, 'meta': {}, 'exception_info': {'raised_exception': False, 'exception_message': None, 'exception_traceback': None}}, {'success': True, 'expectation_config': {'expectation_type': 'expect_column_values_to_not_be_null', 'kwargs': {'column': 'ph'}, 'meta': {}}, 'result': {'element_count': 1000, 'unexpected_count': 0, 'unexpected_percent': 0.0, 'unexpected_percent_total': 0.0, 'partial_unexpected_list': []}, 'meta': {}, 'exception_info': {'raised_exception': False, 'exception_message': None, 'exception_traceback': None}}, {'success': False, 'expectation_config': {'expectation_type': 'expect_column_values_to_be_between', 'kwargs': {'column': 'ph', 'min_value': -14.0, 'max_value': 14.0}, 'meta': {}}, 'result': {'element_count': 1000, 'missing_count': 0, 'missing_percent': 0.0, 'unexpected_count': 382, 'unexpected_percent': 38.2, 'unexpected_percent_total': 38.2, 'unexpected_percent_nonmissing': 38.2, 'partial_unexpected_list': [26.491734951030864, 24.55100297417661, 17.727658738617492, 15.353645514755506, 31.19164848756204, 16.640835729637683, 16.443394564057307, 19.33309402274348, 14.171437314544209, 24.657535899127595, 22.675092059293107, 14.484576727230037, 15.24848016043666, 22.08958046291669, 26.959921009122034, 25.096244821308687, 18.16081766067981, 25.19307205380633, 15.248044478728218, 14.737227984682152]}, 'meta': {}, 'exception_info': {'raised_exception': False, 'exception_message': None, 'exception_traceback': None}}, {'success': True, 'expectation_config': {'expectation_type': 'expect_column_values_to_match_regex', 'kwargs': {'column': 'Hardness', 'regex': '^\\d*\\.?\\d*$'}, 'meta': {}}, 'result': {'element_count': 1000, 'missing_count': 0, 'missing_percent': 0.0, 'unexpected_count': 0, 'unexpected_percent': 0.0, 'unexpected_percent_total': 0.0, 'unexpected_percent_nonmissing': 0.0, 'partial_unexpected_list': []}, 'meta': {}, 'exception_info': {'raised_exception': False, 'exception_message': None, 'exception_traceback': None}}, {'success': True, 'expectation_config': {'expectation_type': 'expect_column_values_to_not_be_null', 'kwargs': {'column': 'Hardness'}, 'meta': {}}, 'result': {'element_count': 1000, 'unexpected_count': 0, 'unexpected_percent': 0.0, 'unexpected_percent_total': 0.0, 'partial_unexpected_list': []}, 'meta': {}, 'exception_info': {'raised_exception': False, 'exception_message': None, 'exception_traceback': None}}, {'success': True, 'expectation_config': {'expectation_type': 'expect_column_values_to_be_between', 'kwargs': {'column': 'Hardness', 'min_value': 0.0, 'max_value': 1000.0}, 'meta': {}}, 'result': {'element_count': 1000, 'missing_count': 0, 'missing_percent': 0.0, 'unexpected_count': 0, 'unexpected_percent': 0.0, 'unexpected_percent_total': 0.0, 'unexpected_percent_nonmissing': 0.0, 'partial_unexpected_list': []}, 'meta': {}, 'exception_info': {'raised_exception': False, 'exception_message': None, 'exception_traceback': None}}, {'success': False, 'expectation_config': {'expectation_type': 'expect_column_values_to_match_regex', 'kwargs': {'column': 'Solids', 'regex': '^\\d*\\.?\\d*$'}, 'meta': {}}, 'result': {}, 'meta': {}, 'exception_info': {'raised_exception': True, 'exception_message': "KeyError: 'Solids'", 'exception_traceback': 'Traceback (most recent call last):\n  File "/home/***/.local/lib/python3.12/site-packages/pandas/core/indexes/base.py", line 3791, in get_loc\n    return self._engine.get_loc(casted_key)\n           ^^^^^^^^^^^^^^^^^^^^^^^^^^^^^^^^\n  File "index.pyx", line 152, in pandas._libs.index.IndexEngine.get_loc\n  File "index.pyx", line 181, in pandas._libs.index.IndexEngine.get_loc\n  File "pandas/_libs/hashtable_class_helper.pxi", line 7080, in pandas._libs.hashtable.PyObjectHashTable.get_item\n  File "pandas/_libs/hashtable_class_helper.pxi", line 7088, in pandas._libs.hashtable.PyObjectHashTable.get_item\nKeyError: \'Solids\'\n\nThe above exception was the direct cause of the following exception:\n\nTraceback (most recent call last):\n  File "/home/***/.local/lib/python3.12/site-packages/great_expectations/data_asset/data_asset.py", line 244, in wrapper\n    return_obj = func(self, **evaluation_args)\n                 ^^^^^^^^^^^^^^^^^^^^^^^^^^^^^\n  File "/home/***/.local/lib/python3.12/site-packages/great_expectations/dataset/pandas_dataset.py", line 81, in inner_wrapper\n    series = data[column]\n             ~~~~^^^^^^^^\n  File "/home/***/.local/lib/python3.12/site-packages/pandas/core/frame.py", line 3893, in __getitem__\n    indexer = self.columns.get_loc(key)\n              ^^^^^^^^^^^^^^^^^^^^^^^^^\n  File "/home/***/.local/lib/python3.12/site-packages/pandas/core/indexes/base.py", line 3798, in get_loc\n    raise KeyError(key) from err\nKeyError: \'Solids\'\n'}}, {'success': False, 'expectation_config': {'expectation_type': 'expect_column_values_to_not_be_null', 'kwargs': {'column': 'Solids'}, 'meta': {}}, 'result': {}, 'meta': {}, 'exception_info': {'raised_exception': True, 'exception_message': "KeyError: 'Solids'", 'exception_traceback': 'Traceback (most recent call last):\n  File "/home/***/.local/lib/python3.12/site-packages/pandas/core/indexes/base.py", line 3791, in get_loc\n    return self._engine.get_loc(casted_key)\n           ^^^^^^^^^^^^^^^^^^^^^^^^^^^^^^^^\n  File "index.pyx", line 152, in pandas._libs.index.IndexEngine.get_loc\n  File "index.pyx", line 181, in pandas._libs.index.IndexEngine.get_loc\n  File "pandas/_libs/hashtable_class_helper.pxi", line 7080, in pandas._libs.hashtable.PyObjectHashTable.get_item\n  File "pandas/_libs/hashtable_class_helper.pxi", line 7088, in pandas._libs.hashtable.PyObjectHashTable.get_item\nKeyError: \'Solids\'\n\nThe above exception was the direct cause of the following exception:\n\nTraceback (most recent call last):\n  File "/home/***/.local/lib/python3.12/site-packages/great_expectations/data_asset/data_asset.py", line 244, in wrapper\n    return_obj = func(self, **evaluation_args)\n                 ^^^^^^^^^^^^^^^^^^^^^^^^^^^^^\n  File "/home/***/.local/lib/python3.12/site-packages/great_expectations/dataset/pandas_dataset.py", line 81, in inner_wrapper\n    series = data[column]\n             ~~~~^^^^^^^^\n  File "/home/***/.local/lib/python3.12/site-packages/pandas/core/frame.py", line 3893, in __getitem__\n    indexer = self.columns.get_loc(key)\n              ^^^^^^^^^^^^^^^^^^^^^^^^^\n  File "/home/***/.local/lib/python3.12/site-packages/pandas/core/indexes/base.py", line 3798, in get_loc\n    raise KeyError(key) from err\nKeyError: \'Solids\'\n'}}, {'success': False, 'expectation_config': {'expectation_type': 'expect_column_values_to_be_between', 'kwargs': {'column': 'Solids', 'min_value': 0.0, 'max_value': 50000.0}, 'meta': {}}, 'result': {}, 'meta': {}, 'exception_info': {'raised_exception': True, 'exception_message': "KeyError: 'Solids'", 'exception_traceback': 'Traceback (most recent call last):\n  File "/home/***/.local/lib/python3.12/site-packages/pandas/core/indexes/base.py", line 3791, in get_loc\n    return self._engine.get_loc(casted_key)\n           ^^^^^^^^^^^^^^^^^^^^^^^^^^^^^^^^\n  File "index.pyx", line 152, in pandas._libs.index.IndexEngine.get_loc\n  File "index.pyx", line 181, in pandas._libs.index.IndexEngine.get_loc\n  File "pandas/_libs/hashtable_class_helper.pxi", line 7080, in pandas._libs.hashtable.PyObjectHashTable.get_item\n  File "pandas/_libs/hashtable_class_helper.pxi", line 7088, in pandas._libs.hashtable.PyObjectHashTable.get_item\nKeyError: \'Solids\'\n\nThe above exception was the direct cause of the following exception:\n\nTraceback (most recent call last):\n  File "/home/***/.local/lib/python3.12/site-packages/great_expectations/data_asset/data_asset.py", line 244, in wrapper\n    return_obj = func(self, **evaluation_args)\n                 ^^^^^^^^^^^^^^^^^^^^^^^^^^^^^\n  File "/home/***/.local/lib/python3.12/site-packages/great_expectations/dataset/pandas_dataset.py", line 81, in inner_wrapper\n    series = data[column]\n             ~~~~^^^^^^^^\n  File "/home/***/.local/lib/python3.12/site-packages/pandas/core/frame.py", line 3893, in __getitem__\n    indexer = self.columns.get_loc(key)\n              ^^^^^^^^^^^^^^^^^^^^^^^^^\n  File "/home/***/.local/lib/python3.12/site-packages/pandas/core/indexes/base.py", line 3798, in get_loc\n    raise KeyError(key) from err\nKeyError: \'Solids\'\n'}}, {'success': True, 'expectation_config': {'expectation_type': 'expect_column_values_to_match_regex', 'kwargs': {'column': 'Chloramines', 'regex': '^\\d*\\.?\\d*$'}, 'meta': {}}, 'result': {'element_count': 1000, 'missing_count': 0, 'missing_percent': 0.0, 'unexpected_count': 0, 'unexpected_percent': 0.0, 'unexpected_percent_total': 0.0, 'unexpected_percent_nonmissing': 0.0, 'partial_unexpected_list': []}, 'meta': {}, 'exception_info': {'raised_exception': False, 'exception_message': None, 'exception_traceback': None}}, {'success': True, 'expectation_config': {'expectation_type': 'expect_column_values_to_not_be_null', 'kwargs': {'column': 'Chloramines'}, 'meta': {}}, 'result': {'element_count': 1000, 'unexpected_count': 0, 'unexpected_percent': 0.0, 'unexpected_percent_total': 0.0, 'partial_unexpected_list': []}, 'meta': {}, 'exception_info': {'raised_exception': False, 'exception_message': None, 'exception_traceback': None}}, {'success': False, 'expectation_config': {'expectation_type': 'expect_column_values_to_be_between', 'kwargs': {'column': 'Chloramines', 'min_value': 0.0, 'max_value': 10.0}, 'meta': {}}, 'result': {'element_count': 1000, 'missing_count': 0, 'missing_percent': 0.0, 'unexpected_count': 45, 'unexpected_percent': 4.5, 'unexpected_percent_total': 4.5, 'unexpected_percent_nonmissing': 4.5, 'partial_unexpected_list': [10.464753713443487, 11.638051008984458, 11.746109123747845, 10.485419785826371, 10.094794227817207, 10.224463936557504, 10.213840931058254, 10.518343914322848, 10.139816824761091, 10.809081245996891, 11.794879837850267, 10.261333985450175, 11.264614834126856, 10.91528711389262, 10.79852134473414, 10.577330280106406, 10.895866184293736, 10.302017774921882, 10.491925070329607, 10.20913501156533]}, 'meta': {}, 'exception_info': {'raised_exception': False, 'exception_message': None, 'exception_traceback': None}}, {'success': False, 'expectation_config': {'expectation_type': 'expect_column_values_to_match_regex', 'kwargs': {'column': 'Sulfate', 'regex': '^\\d*\\.?\\d*$'}, 'meta': {}}, 'result': {'element_count': 1000, 'missing_count': 0, 'missing_percent': 0.0, 'unexpected_count': 23, 'unexpected_percent': 2.3, 'unexpected_percent_total': 2.3, 'unexpected_percent_nonmissing': 2.3, 'partial_unexpected_list': [-117.74064324191812, -40.0596262244718, -36.765300083877776, -11.465881116955131, -0.6334585882966621, -75.51419986792422, -36.87611253101238, -44.79324749396022, -70.39023136024736, -53.28028912726853, -68.98266671474715, -10.823936740912586, -48.37237330292555, -58.583293500459376, -11.701194342445548, -51.72668332708975, -113.5265234602428, -3.771903889989744, -2.5229232349441304, -62.790027431107376]}, 'meta': {}, 'exception_info': {'raised_exception': False, 'exception_message': None, 'exception_traceback': None}}, {'success': True, 'expectation_config': {'expectation_type': 'expect_column_values_to_not_be_null', 'kwargs': {'column': 'Sulfate'}, 'meta': {}}, 'result': {'element_count': 1000, 'unexpected_count': 0, 'unexpected_percent': 0.0, 'unexpected_percent_total': 0.0, 'partial_unexpected_list': []}, 'meta': {}, 'exception_info': {'raised_exception': False, 'exception_message': None, 'exception_traceback': None}}, {'success': False, 'expectation_config': {'expectation_type': 'expect_column_values_to_be_between', 'kwargs': {'column': 'Sulfate', 'min_value': 0.0, 'max_value': 500.0}, 'meta': {}}, 'result': {'element_count': 1000, 'missing_count': 0, 'missing_percent': 0.0, 'unexpected_count': 77, 'unexpected_percent': 7.7, 'unexpected_percent_total': 7.7, 'unexpected_percent_nonmissing': 7.7, 'partial_unexpected_list': [572.1839259153692, -117.74064324191812, 505.6248885378063, 607.0987852416504, -40.0596262244718, 523.0819858027259, 578.9371719170545, 606.3560811235188, 523.0921182924519, 629.3855043832017, 541.9568689997325, -36.765300083877776, 512.236645384958, 542.1203854842961, 519.9181596259766, 578.565267217325, 599.1351649837748, 658.4046274889056, 519.2235841207424, 503.9103130104929]}, 'meta': {}, 'exception_info': {'raised_exception': False, 'exception_message': None, 'exception_traceback': None}}, {'success': True, 'expectation_config': {'expectation_type': 'expect_column_values_to_match_regex', 'kwargs': {'column': 'Conductivity', 'regex': '^\\d*\\.?\\d*$'}, 'meta': {}}, 'result': {'element_count': 1000, 'missing_count': 0, 'missing_percent': 0.0, 'unexpected_count': 0, 'unexpected_percent': 0.0, 'unexpected_percent_total': 0.0, 'unexpected_percent_nonmissing': 0.0, 'partial_unexpected_list': []}, 'meta': {}, 'exception_info': {'raised_exception': False, 'exception_message': None, 'exception_traceback': None}}, {'success': True, 'expectation_config': {'expectation_type': 'expect_column_values_to_not_be_null', 'kwargs': {'column': 'Conductivity'}, 'meta': {}}, 'result': {'element_count': 1000, 'unexpected_count': 0, 'unexpected_percent': 0.0, 'unexpected_percent_total': 0.0, 'partial_unexpected_list': []}, 'meta': {}, 'exception_info': {'raised_exception': False, 'exception_message': None, 'exception_traceback': None}}, {'success': True, 'expectation_config': {'expectation_type': 'expect_column_values_to_be_between', 'kwargs': {'column': 'Conductivity', 'min_value': 0.0, 'max_value': 2000.0}, 'meta': {}}, 'result': {'element_count': 1000, 'missing_count': 0, 'missing_percent': 0.0, 'unexpected_count': 0, 'unexpected_percent': 0.0, 'unexpected_percent_total': 0.0, 'unexpected_percent_nonmissing': 0.0, 'partial_unexpected_list': []}, 'meta': {}, 'exception_info': {'raised_exception': False, 'exception_message': None, 'exception_traceback': None}}, {'success': True, 'expectation_config': {'expectation_type': 'expect_column_values_to_match_regex', 'kwargs': {'column': 'Organic_carbon', 'regex': '^\\d*\\.?\\d*$'}, 'meta': {}}, 'result': {'element_count': 1000, 'missing_count': 0, 'missing_percent': 0.0, 'unexpected_count': 0, 'unexpected_percent': 0.0, 'unexpected_percent_total': 0.0, 'unexpected_percent_nonmissing': 0.0, 'partial_unexpected_list': []}, 'meta': {}, 'exception_info': {'raised_exception': False, 'exception_message': None, 'exception_traceback': None}}, {'success': True, 'expectation_config': {'expectation_type': 'expect_column_values_to_not_be_null', 'kwargs': {'column': 'Organic_carbon'}, 'meta': {}}, 'result': {'element_count': 1000, 'unexpected_count': 0, 'unexpected_percent': 0.0, 'unexpected_percent_total': 0.0, 'partial_unexpected_list': []}, 'meta': {}, 'exception_info': {'raised_exception': False, 'exception_message': None, 'exception_traceback': None}}, {'success': False, 'expectation_config': {'expectation_type': 'expect_column_values_to_be_between', 'kwargs': {'column': 'Organic_carbon', 'min_value': 0.0, 'max_value': 20.0}, 'meta': {}}, 'result': {'element_count': 1000, 'missing_count': 0, 'missing_percent': 0.0, 'unexpected_count': 20, 'unexpected_percent': 2.0, 'unexpected_percent_total': 2.0, 'unexpected_percent_nonmissing': 2.0, 'partial_unexpected_list': [20.253340700212764, 23.10280420555984, 20.80789809753464, 24.30595376360235, 20.33071192107036, 21.128967647156635, 20.28170485372474, 20.927131932179176, 20.429007867951192, 21.03419311564145, 21.89488477124072, 22.47110122110099, 20.206056900803564, 23.44816592983481, 21.49079321496872, 20.528816188553904, 20.10113128176681, 20.486789486119, 20.37709996574724, 21.3967781521238]}, 'meta': {}, 'exception_info': {'raised_exception': False, 'exception_message': None, 'exception_traceback': None}}, {'success': True, 'expectation_config': {'expectation_type': 'expect_column_values_to_match_regex', 'kwargs': {'column': 'Trihalomethanes', 'regex': '^\\d*\\.?\\d*$'}, 'meta': {}}, 'result': {'element_count': 1000, 'missing_count': 0, 'missing_percent': 0.0, 'unexpected_count': 0, 'unexpected_percent': 0.0, 'unexpected_percent_total': 0.0, 'unexpected_percent_nonmissing': 0.0, 'partial_unexpected_list': []}, 'meta': {}, 'exception_info': {'raised_exception': False, 'exception_message': None, 'exception_traceback': None}}, {'success': True, 'expectation_config': {'expectation_type': 'expect_column_values_to_not_be_null', 'kwargs': {'column': 'Trihalomethanes'}, 'meta': {}}, 'result': {'element_count': 1000, 'unexpected_count': 0, 'unexpected_percent': 0.0, 'unexpected_percent_total': 0.0, 'partial_unexpected_list': []}, 'meta': {}, 'exception_info': {'raised_exception': False, 'exception_message': None, 'exception_traceback': None}}, {'success': False, 'expectation_config': {'expectation_type': 'expect_column_values_to_be_between', 'kwargs': {'column': 'Trihalomethanes', 'min_value': 0.0, 'max_value': 120.0}, 'meta': {}}, 'result': {'element_count': 1000, 'missing_count': 0, 'missing_percent': 0.0, 'unexpected_count': 1, 'unexpected_percent': 0.1, 'unexpected_percent_total': 0.1, 'unexpected_percent_nonmissing': 0.1, 'partial_unexpected_list': [123.0642939448237]}, 'meta': {}, 'exception_info': {'raised_exception': False, 'exception_message': None, 'exception_traceback': None}}, {'success': True, 'expectation_config': {'expectation_type': 'expect_column_values_to_match_regex', 'kwargs': {'column': 'Turbidity', 'regex': '^\\d*\\.?\\d*$'}, 'meta': {}}, 'result': {'element_count': 1000, 'missing_count': 0, 'missing_percent': 0.0, 'unexpected_count': 0, 'unexpected_percent': 0.0, 'unexpected_percent_total': 0.0, 'unexpected_percent_nonmissing': 0.0, 'partial_unexpected_list': []}, 'meta': {}, 'exception_info': {'raised_exception': False, 'exception_message': None, 'exception_traceback': None}}, {'success': True, 'expectation_config': {'expectation_type': 'expect_column_values_to_not_be_null', 'kwargs': {'column': 'Turbidity'}, 'meta': {}}, 'result': {'element_count': 1000, 'unexpected_count': 0, 'unexpected_percent': 0.0, 'unexpected_percent_total': 0.0, 'partial_unexpected_list': []}, 'meta': {}, 'exception_info': {'raised_exception': False, 'exception_message': None, 'exception_traceback': None}}, {'success': True, 'expectation_config': {'expectation_type': 'expect_column_values_to_be_between', 'kwargs': {'column': 'Turbidity', 'min_value': 0.0, 'max_value': 10.0}, 'meta': {}}, 'result': {'element_count': 1000, 'missing_count': 0, 'missing_percent': 0.0, 'unexpected_count': 0, 'unexpected_percent': 0.0, 'unexpected_percent_total': 0.0, 'unexpected_percent_nonmissing': 0.0, 'partial_unexpected_list': []}, 'meta': {}, 'exception_info': {'raised_exception': False, 'exception_message': None, 'exception_traceback': None}}, {'success': True, 'expectation_config': {'expectation_type': 'expect_column_values_to_not_be_null', 'kwargs': {'column': 'Potability'}, 'meta': {}}, 'result': {'element_count': 1000, 'unexpected_count': 0, 'unexpected_percent': 0.0, 'unexpected_percent_total': 0.0, 'partial_unexpected_list': []}, 'meta': {}, 'exception_info': {'raised_exception': False, 'exception_message': None, 'exception_traceback': None}}, {'success': True, 'expectation_config': {'expectation_type': 'expect_column_values_to_be_in_set', 'kwargs': {'column': 'Potability', 'value_set': [0, 1]}, 'meta': {}}, 'result': {'element_count': 1000, 'missing_count': 0, 'missing_percent': 0.0, 'unexpected_count': 0, 'unexpected_percent': 0.0, 'unexpected_percent_total': 0.0, 'unexpected_percent_nonmissing': 0.0, 'partial_unexpected_list': []}, 'meta': {}, 'exception_info': {'raised_exception': False, 'exception_message': None, 'exception_traceback': None}}], 'evaluation_parameters': {}, 'statistics': {'evaluated_expectations': 29, 'successful_expectations': 19, 'unsuccessful_expectations': 10, 'success_percent': 65.51724137931035}, 'meta': {'great_expectations_version': '0.18.13', 'expectation_suite_name': 'ex_dyali', 'run_id': {'run_name': None, 'run_time': '2024-05-18T02:06:30.968576+00:00'}, 'batch_kwargs': {'ge_batch_id': '3e5f6f1e-14bb-11ef-844c-0242ac120003'}, 'batch_markers': {}, 'batch_parameters': {}, 'validation_time': '20240518T020630.968305Z', 'expectation_suite_meta': {'great_expectations_version': '0.18.12'}}}
[2024-05-18T02:06:50.289+0000] {logging_mixin.py:188} INFO - alert_message is {'text': "Data Problem Alert\nRun ID: 2024-05-18 02:06:31\nFile Path: /opt/***/dags/raw-data/data_part_9.csv\n\nCriticality: high\nNumber of Failed Rows: 111\n\nSummary: 10 expectations failed validation.\n\nError Details:\n- Expectation 1 on column 'ph': expect_column_values_to_match_regex failed with 77 unexpected values.\n- Expectation 2 on column 'ph': expect_column_values_to_be_between failed with 382 unexpected values.\n- Expectation 3 on column 'Solids': expect_column_values_to_match_regex failed with 0 unexpected values.\n- Expectation 4 on column 'Solids': expect_column_values_to_not_be_null failed with 0 unexpected values.\n- Expectation 5 on column 'Solids': expect_column_values_to_be_between failed with 0 unexpected values.\n- Expectation 6 on column 'Chloramines': expect_column_values_to_be_between failed with 45 unexpected values.\n- Expectation 7 on column 'Sulfate': expect_column_values_to_match_regex failed with 23 unexpected values.\n- Expectation 8 on column 'Sulfate': expect_column_values_to_be_between failed with 77 unexpected values.\n- Expectation 9 on column 'Organic_carbon': expect_column_values_to_be_between failed with 20 unexpected values.\n- Expectation 10 on column 'Trihalomethanes': expect_column_values_to_be_between failed with 1 unexpected values."}
[2024-05-18T02:06:50.290+0000] {taskinstance.py:441} INFO - ::group::Post task execution logs
[2024-05-18T02:06:50.291+0000] {taskinstance.py:2905} ERROR - Task failed with exception
Traceback (most recent call last):
  File "/opt/airflow/dags/data-ingestion-dag.py", line 128, in send_alerts
    response = requests.post(teams_webhook_url, headers=headers, json=alert_message)
               ^^^^^^^^
NameError: name 'requests' is not defined

During handling of the above exception, another exception occurred:

Traceback (most recent call last):
  File "/home/airflow/.local/lib/python3.12/site-packages/airflow/models/taskinstance.py", line 465, in _execute_task
    result = _execute_callable(context=context, **execute_callable_kwargs)
             ^^^^^^^^^^^^^^^^^^^^^^^^^^^^^^^^^^^^^^^^^^^^^^^^^^^^^^^^^^^^^
  File "/home/airflow/.local/lib/python3.12/site-packages/airflow/models/taskinstance.py", line 432, in _execute_callable
    return execute_callable(context=context, **execute_callable_kwargs)
           ^^^^^^^^^^^^^^^^^^^^^^^^^^^^^^^^^^^^^^^^^^^^^^^^^^^^^^^^^^^^
  File "/home/airflow/.local/lib/python3.12/site-packages/airflow/models/baseoperator.py", line 400, in wrapper
    return func(self, *args, **kwargs)
           ^^^^^^^^^^^^^^^^^^^^^^^^^^^
  File "/home/airflow/.local/lib/python3.12/site-packages/airflow/operators/python.py", line 235, in execute
    return_value = self.execute_callable()
                   ^^^^^^^^^^^^^^^^^^^^^^^
  File "/home/airflow/.local/lib/python3.12/site-packages/airflow/operators/python.py", line 252, in execute_callable
    return self.python_callable(*self.op_args, **self.op_kwargs)
           ^^^^^^^^^^^^^^^^^^^^^^^^^^^^^^^^^^^^^^^^^^^^^^^^^^^^^
  File "/opt/airflow/dags/data-ingestion-dag.py", line 133, in send_alerts
    except requests.exceptions.RequestException as e:
           ^^^^^^^^
NameError: name 'requests' is not defined
[2024-05-18T02:06:50.326+0000] {taskinstance.py:1206} INFO - Marking task as FAILED. dag_id=data_ingestion_pipelines_2, task_id=send_alerts, run_id=scheduled__2024-05-17T00:00:00+00:00, execution_date=20240517T000000, start_date=20240518T020649, end_date=20240518T020650
[2024-05-18T02:06:50.375+0000] {standard_task_runner.py:110} ERROR - Failed to execute job 175 for task send_alerts (name 'requests' is not defined; 1628)
[2024-05-18T02:06:50.427+0000] {local_task_job_runner.py:240} INFO - Task exited with return code 1
[2024-05-18T02:06:50.455+0000] {taskinstance.py:3498} INFO - 0 downstream tasks scheduled from follow-on schedule check
[2024-05-18T02:06:50.457+0000] {local_task_job_runner.py:222} INFO - ::endgroup::
