[2024-05-18T02:08:02.878+0000] {local_task_job_runner.py:120} INFO - ::group::Pre task execution logs
[2024-05-18T02:08:02.990+0000] {taskinstance.py:2076} INFO - Dependencies all met for dep_context=non-requeueable deps ti=<TaskInstance: data_ingestion_pipelines_2.send_alerts scheduled__2024-05-17T00:00:00+00:00 [queued]>
[2024-05-18T02:08:03.024+0000] {taskinstance.py:2076} INFO - Dependencies all met for dep_context=requeueable deps ti=<TaskInstance: data_ingestion_pipelines_2.send_alerts scheduled__2024-05-17T00:00:00+00:00 [queued]>
[2024-05-18T02:08:03.025+0000] {taskinstance.py:2306} INFO - Starting attempt 5 of 5
[2024-05-18T02:08:03.059+0000] {taskinstance.py:2330} INFO - Executing <Task(PythonOperator): send_alerts> on 2024-05-17 00:00:00+00:00
[2024-05-18T02:08:03.074+0000] {warnings.py:110} WARNING - /home/***/.local/lib/python3.12/site-packages/***/task/task_runner/standard_task_runner.py:61: DeprecationWarning: This process (pid=1725) is multi-threaded, use of fork() may lead to deadlocks in the child.
  pid = os.fork()

[2024-05-18T02:08:03.078+0000] {standard_task_runner.py:63} INFO - Started process 1775 to run task
[2024-05-18T02:08:03.080+0000] {standard_task_runner.py:90} INFO - Running: ['***', 'tasks', 'run', 'data_ingestion_pipelines_2', 'send_alerts', 'scheduled__2024-05-17T00:00:00+00:00', '--job-id', '183', '--raw', '--subdir', 'DAGS_FOLDER/data-ingestion-dag.py', '--cfg-path', '/tmp/tmp2a970qiu']
[2024-05-18T02:08:03.082+0000] {standard_task_runner.py:91} INFO - Job 183: Subtask send_alerts
[2024-05-18T02:08:03.249+0000] {task_command.py:426} INFO - Running <TaskInstance: data_ingestion_pipelines_2.send_alerts scheduled__2024-05-17T00:00:00+00:00 [running]> on host 5ee845ef4e45
[2024-05-18T02:08:03.577+0000] {taskinstance.py:2648} INFO - Exporting env vars: AIRFLOW_CTX_DAG_OWNER='***' AIRFLOW_CTX_DAG_ID='data_ingestion_pipelines_2' AIRFLOW_CTX_TASK_ID='send_alerts' AIRFLOW_CTX_EXECUTION_DATE='2024-05-17T00:00:00+00:00' AIRFLOW_CTX_TRY_NUMBER='5' AIRFLOW_CTX_DAG_RUN_ID='scheduled__2024-05-17T00:00:00+00:00'
[2024-05-18T02:08:03.580+0000] {taskinstance.py:430} INFO - ::endgroup::
[2024-05-18T02:08:03.694+0000] {logging_mixin.py:188} INFO - validation_results in send_alerts is  {'success': False, 'results': [{'success': False, 'expectation_config': {'expectation_type': 'expect_column_values_to_match_regex', 'kwargs': {'column': 'ph', 'regex': '^\\d*\\.?\\d*$'}, 'meta': {}}, 'result': {'element_count': 1000, 'missing_count': 0, 'missing_percent': 0.0, 'unexpected_count': 87, 'unexpected_percent': 8.7, 'unexpected_percent_total': 8.7, 'unexpected_percent_nonmissing': 8.7, 'partial_unexpected_list': [-1.7982947827751945, -0.6974068256211226, -2.088934764584355, -2.293262255081684, -2.213182589537668, -3.9932681590836463, -7.789370213516163, -5.368757589672677, -3.6661648826797855, -2.6437635400486776, -0.3243974655679391, -19.205713891825617, -0.5587490484002462, -2.6432870921149547, -2.545403918670372, -6.338307240419285, -3.194303657974162, -0.9054025689656182, -1.7030134354080513, -8.470842925303499]}, 'meta': {}, 'exception_info': {'raised_exception': False, 'exception_message': None, 'exception_traceback': None}}, {'success': True, 'expectation_config': {'expectation_type': 'expect_column_values_to_not_be_null', 'kwargs': {'column': 'ph'}, 'meta': {}}, 'result': {'element_count': 1000, 'unexpected_count': 0, 'unexpected_percent': 0.0, 'unexpected_percent_total': 0.0, 'partial_unexpected_list': []}, 'meta': {}, 'exception_info': {'raised_exception': False, 'exception_message': None, 'exception_traceback': None}}, {'success': False, 'expectation_config': {'expectation_type': 'expect_column_values_to_be_between', 'kwargs': {'column': 'ph', 'min_value': -14.0, 'max_value': 14.0}, 'meta': {}}, 'result': {'element_count': 1000, 'missing_count': 0, 'missing_percent': 0.0, 'unexpected_count': 350, 'unexpected_percent': 35.0, 'unexpected_percent_total': 35.0, 'unexpected_percent_nonmissing': 35.0, 'partial_unexpected_list': [26.530742370448856, 23.500062721379976, 14.101164555081716, 26.050860503286906, 18.97337626835055, 27.44385953131546, 19.43989575702372, 16.706232134166175, 19.805076430987544, 17.745755952460662, 25.485348708581064, 19.73698631980625, 22.29878332423472, 16.52910632194161, 20.69724158576809, 17.80741852761478, 17.925582850666245, 17.987621138062924, 15.187072726656291, 14.009089291409447]}, 'meta': {}, 'exception_info': {'raised_exception': False, 'exception_message': None, 'exception_traceback': None}}, {'success': True, 'expectation_config': {'expectation_type': 'expect_column_values_to_match_regex', 'kwargs': {'column': 'Hardness', 'regex': '^\\d*\\.?\\d*$'}, 'meta': {}}, 'result': {'element_count': 1000, 'missing_count': 0, 'missing_percent': 0.0, 'unexpected_count': 0, 'unexpected_percent': 0.0, 'unexpected_percent_total': 0.0, 'unexpected_percent_nonmissing': 0.0, 'partial_unexpected_list': []}, 'meta': {}, 'exception_info': {'raised_exception': False, 'exception_message': None, 'exception_traceback': None}}, {'success': True, 'expectation_config': {'expectation_type': 'expect_column_values_to_not_be_null', 'kwargs': {'column': 'Hardness'}, 'meta': {}}, 'result': {'element_count': 1000, 'unexpected_count': 0, 'unexpected_percent': 0.0, 'unexpected_percent_total': 0.0, 'partial_unexpected_list': []}, 'meta': {}, 'exception_info': {'raised_exception': False, 'exception_message': None, 'exception_traceback': None}}, {'success': True, 'expectation_config': {'expectation_type': 'expect_column_values_to_be_between', 'kwargs': {'column': 'Hardness', 'min_value': 0.0, 'max_value': 1000.0}, 'meta': {}}, 'result': {'element_count': 1000, 'missing_count': 0, 'missing_percent': 0.0, 'unexpected_count': 0, 'unexpected_percent': 0.0, 'unexpected_percent_total': 0.0, 'unexpected_percent_nonmissing': 0.0, 'partial_unexpected_list': []}, 'meta': {}, 'exception_info': {'raised_exception': False, 'exception_message': None, 'exception_traceback': None}}, {'success': False, 'expectation_config': {'expectation_type': 'expect_column_values_to_match_regex', 'kwargs': {'column': 'Solids', 'regex': '^\\d*\\.?\\d*$'}, 'meta': {}}, 'result': {}, 'meta': {}, 'exception_info': {'raised_exception': True, 'exception_message': "KeyError: 'Solids'", 'exception_traceback': 'Traceback (most recent call last):\n  File "/home/***/.local/lib/python3.12/site-packages/pandas/core/indexes/base.py", line 3791, in get_loc\n    return self._engine.get_loc(casted_key)\n           ^^^^^^^^^^^^^^^^^^^^^^^^^^^^^^^^\n  File "index.pyx", line 152, in pandas._libs.index.IndexEngine.get_loc\n  File "index.pyx", line 181, in pandas._libs.index.IndexEngine.get_loc\n  File "pandas/_libs/hashtable_class_helper.pxi", line 7080, in pandas._libs.hashtable.PyObjectHashTable.get_item\n  File "pandas/_libs/hashtable_class_helper.pxi", line 7088, in pandas._libs.hashtable.PyObjectHashTable.get_item\nKeyError: \'Solids\'\n\nThe above exception was the direct cause of the following exception:\n\nTraceback (most recent call last):\n  File "/home/***/.local/lib/python3.12/site-packages/great_expectations/data_asset/data_asset.py", line 244, in wrapper\n    return_obj = func(self, **evaluation_args)\n                 ^^^^^^^^^^^^^^^^^^^^^^^^^^^^^\n  File "/home/***/.local/lib/python3.12/site-packages/great_expectations/dataset/pandas_dataset.py", line 81, in inner_wrapper\n    series = data[column]\n             ~~~~^^^^^^^^\n  File "/home/***/.local/lib/python3.12/site-packages/pandas/core/frame.py", line 3893, in __getitem__\n    indexer = self.columns.get_loc(key)\n              ^^^^^^^^^^^^^^^^^^^^^^^^^\n  File "/home/***/.local/lib/python3.12/site-packages/pandas/core/indexes/base.py", line 3798, in get_loc\n    raise KeyError(key) from err\nKeyError: \'Solids\'\n'}}, {'success': False, 'expectation_config': {'expectation_type': 'expect_column_values_to_not_be_null', 'kwargs': {'column': 'Solids'}, 'meta': {}}, 'result': {}, 'meta': {}, 'exception_info': {'raised_exception': True, 'exception_message': "KeyError: 'Solids'", 'exception_traceback': 'Traceback (most recent call last):\n  File "/home/***/.local/lib/python3.12/site-packages/pandas/core/indexes/base.py", line 3791, in get_loc\n    return self._engine.get_loc(casted_key)\n           ^^^^^^^^^^^^^^^^^^^^^^^^^^^^^^^^\n  File "index.pyx", line 152, in pandas._libs.index.IndexEngine.get_loc\n  File "index.pyx", line 181, in pandas._libs.index.IndexEngine.get_loc\n  File "pandas/_libs/hashtable_class_helper.pxi", line 7080, in pandas._libs.hashtable.PyObjectHashTable.get_item\n  File "pandas/_libs/hashtable_class_helper.pxi", line 7088, in pandas._libs.hashtable.PyObjectHashTable.get_item\nKeyError: \'Solids\'\n\nThe above exception was the direct cause of the following exception:\n\nTraceback (most recent call last):\n  File "/home/***/.local/lib/python3.12/site-packages/great_expectations/data_asset/data_asset.py", line 244, in wrapper\n    return_obj = func(self, **evaluation_args)\n                 ^^^^^^^^^^^^^^^^^^^^^^^^^^^^^\n  File "/home/***/.local/lib/python3.12/site-packages/great_expectations/dataset/pandas_dataset.py", line 81, in inner_wrapper\n    series = data[column]\n             ~~~~^^^^^^^^\n  File "/home/***/.local/lib/python3.12/site-packages/pandas/core/frame.py", line 3893, in __getitem__\n    indexer = self.columns.get_loc(key)\n              ^^^^^^^^^^^^^^^^^^^^^^^^^\n  File "/home/***/.local/lib/python3.12/site-packages/pandas/core/indexes/base.py", line 3798, in get_loc\n    raise KeyError(key) from err\nKeyError: \'Solids\'\n'}}, {'success': False, 'expectation_config': {'expectation_type': 'expect_column_values_to_be_between', 'kwargs': {'column': 'Solids', 'min_value': 0.0, 'max_value': 50000.0}, 'meta': {}}, 'result': {}, 'meta': {}, 'exception_info': {'raised_exception': True, 'exception_message': "KeyError: 'Solids'", 'exception_traceback': 'Traceback (most recent call last):\n  File "/home/***/.local/lib/python3.12/site-packages/pandas/core/indexes/base.py", line 3791, in get_loc\n    return self._engine.get_loc(casted_key)\n           ^^^^^^^^^^^^^^^^^^^^^^^^^^^^^^^^\n  File "index.pyx", line 152, in pandas._libs.index.IndexEngine.get_loc\n  File "index.pyx", line 181, in pandas._libs.index.IndexEngine.get_loc\n  File "pandas/_libs/hashtable_class_helper.pxi", line 7080, in pandas._libs.hashtable.PyObjectHashTable.get_item\n  File "pandas/_libs/hashtable_class_helper.pxi", line 7088, in pandas._libs.hashtable.PyObjectHashTable.get_item\nKeyError: \'Solids\'\n\nThe above exception was the direct cause of the following exception:\n\nTraceback (most recent call last):\n  File "/home/***/.local/lib/python3.12/site-packages/great_expectations/data_asset/data_asset.py", line 244, in wrapper\n    return_obj = func(self, **evaluation_args)\n                 ^^^^^^^^^^^^^^^^^^^^^^^^^^^^^\n  File "/home/***/.local/lib/python3.12/site-packages/great_expectations/dataset/pandas_dataset.py", line 81, in inner_wrapper\n    series = data[column]\n             ~~~~^^^^^^^^\n  File "/home/***/.local/lib/python3.12/site-packages/pandas/core/frame.py", line 3893, in __getitem__\n    indexer = self.columns.get_loc(key)\n              ^^^^^^^^^^^^^^^^^^^^^^^^^\n  File "/home/***/.local/lib/python3.12/site-packages/pandas/core/indexes/base.py", line 3798, in get_loc\n    raise KeyError(key) from err\nKeyError: \'Solids\'\n'}}, {'success': True, 'expectation_config': {'expectation_type': 'expect_column_values_to_match_regex', 'kwargs': {'column': 'Chloramines', 'regex': '^\\d*\\.?\\d*$'}, 'meta': {}}, 'result': {'element_count': 1000, 'missing_count': 0, 'missing_percent': 0.0, 'unexpected_count': 0, 'unexpected_percent': 0.0, 'unexpected_percent_total': 0.0, 'unexpected_percent_nonmissing': 0.0, 'partial_unexpected_list': []}, 'meta': {}, 'exception_info': {'raised_exception': False, 'exception_message': None, 'exception_traceback': None}}, {'success': True, 'expectation_config': {'expectation_type': 'expect_column_values_to_not_be_null', 'kwargs': {'column': 'Chloramines'}, 'meta': {}}, 'result': {'element_count': 1000, 'unexpected_count': 0, 'unexpected_percent': 0.0, 'unexpected_percent_total': 0.0, 'partial_unexpected_list': []}, 'meta': {}, 'exception_info': {'raised_exception': False, 'exception_message': None, 'exception_traceback': None}}, {'success': False, 'expectation_config': {'expectation_type': 'expect_column_values_to_be_between', 'kwargs': {'column': 'Chloramines', 'min_value': 0.0, 'max_value': 10.0}, 'meta': {}}, 'result': {'element_count': 1000, 'missing_count': 0, 'missing_percent': 0.0, 'unexpected_count': 46, 'unexpected_percent': 4.6, 'unexpected_percent_total': 4.6, 'unexpected_percent_nonmissing': 4.6, 'partial_unexpected_list': [10.203138292560594, 10.339606614029153, 10.053836488127551, 10.51355491475463, 10.435477384317055, 10.307028239713192, 10.78407388031375, 10.868267400753403, 10.53538194516043, 10.436249361837689, 10.310634460726847, 11.282859149166146, 10.266219933721166, 10.123157112032146, 11.6792039020265, 10.736363932926622, 10.26851573295444, 10.395762739825226, 10.5229941237936, 10.163539396622925]}, 'meta': {}, 'exception_info': {'raised_exception': False, 'exception_message': None, 'exception_traceback': None}}, {'success': False, 'expectation_config': {'expectation_type': 'expect_column_values_to_match_regex', 'kwargs': {'column': 'Sulfate', 'regex': '^\\d*\\.?\\d*$'}, 'meta': {}}, 'result': {'element_count': 1000, 'missing_count': 0, 'missing_percent': 0.0, 'unexpected_count': 37, 'unexpected_percent': 3.6999999999999997, 'unexpected_percent_total': 3.6999999999999997, 'unexpected_percent_nonmissing': 3.6999999999999997, 'partial_unexpected_list': [-51.54913778748403, -177.35275094719276, -22.20090800431172, -85.50252499525737, -12.767020683563317, -40.341874240553295, -79.78506845267498, -107.1340741687859, -86.22531493955012, -26.06685108971516, -1.330926847621697, -36.152671056696704, -29.9239501358864, -50.27651995183078, -63.33711226544244, -41.37530850743048, -59.54867382758829, -115.13384313604904, -43.00825960129077, -0.8188198140187524]}, 'meta': {}, 'exception_info': {'raised_exception': False, 'exception_message': None, 'exception_traceback': None}}, {'success': True, 'expectation_config': {'expectation_type': 'expect_column_values_to_not_be_null', 'kwargs': {'column': 'Sulfate'}, 'meta': {}}, 'result': {'element_count': 1000, 'unexpected_count': 0, 'unexpected_percent': 0.0, 'unexpected_percent_total': 0.0, 'partial_unexpected_list': []}, 'meta': {}, 'exception_info': {'raised_exception': False, 'exception_message': None, 'exception_traceback': None}}, {'success': False, 'expectation_config': {'expectation_type': 'expect_column_values_to_be_between', 'kwargs': {'column': 'Sulfate', 'min_value': 0.0, 'max_value': 500.0}, 'meta': {}}, 'result': {'element_count': 1000, 'missing_count': 0, 'missing_percent': 0.0, 'unexpected_count': 85, 'unexpected_percent': 8.5, 'unexpected_percent_total': 8.5, 'unexpected_percent_nonmissing': 8.5, 'partial_unexpected_list': [-51.54913778748403, 504.3822912693152, -177.35275094719276, 604.4419273558118, 541.0351820028105, 686.9154646868103, -22.20090800431172, 556.1447592058764, -85.50252499525737, 538.4452421635099, -12.767020683563317, 533.091566606899, 506.4280905038755, -40.341874240553295, -79.78506845267498, 541.6192923499041, -107.1340741687859, 554.5967559071092, -86.22531493955012, -26.06685108971516]}, 'meta': {}, 'exception_info': {'raised_exception': False, 'exception_message': None, 'exception_traceback': None}}, {'success': True, 'expectation_config': {'expectation_type': 'expect_column_values_to_match_regex', 'kwargs': {'column': 'Conductivity', 'regex': '^\\d*\\.?\\d*$'}, 'meta': {}}, 'result': {'element_count': 1000, 'missing_count': 0, 'missing_percent': 0.0, 'unexpected_count': 0, 'unexpected_percent': 0.0, 'unexpected_percent_total': 0.0, 'unexpected_percent_nonmissing': 0.0, 'partial_unexpected_list': []}, 'meta': {}, 'exception_info': {'raised_exception': False, 'exception_message': None, 'exception_traceback': None}}, {'success': True, 'expectation_config': {'expectation_type': 'expect_column_values_to_not_be_null', 'kwargs': {'column': 'Conductivity'}, 'meta': {}}, 'result': {'element_count': 1000, 'unexpected_count': 0, 'unexpected_percent': 0.0, 'unexpected_percent_total': 0.0, 'partial_unexpected_list': []}, 'meta': {}, 'exception_info': {'raised_exception': False, 'exception_message': None, 'exception_traceback': None}}, {'success': True, 'expectation_config': {'expectation_type': 'expect_column_values_to_be_between', 'kwargs': {'column': 'Conductivity', 'min_value': 0.0, 'max_value': 2000.0}, 'meta': {}}, 'result': {'element_count': 1000, 'missing_count': 0, 'missing_percent': 0.0, 'unexpected_count': 0, 'unexpected_percent': 0.0, 'unexpected_percent_total': 0.0, 'unexpected_percent_nonmissing': 0.0, 'partial_unexpected_list': []}, 'meta': {}, 'exception_info': {'raised_exception': False, 'exception_message': None, 'exception_traceback': None}}, {'success': True, 'expectation_config': {'expectation_type': 'expect_column_values_to_match_regex', 'kwargs': {'column': 'Organic_carbon', 'regex': '^\\d*\\.?\\d*$'}, 'meta': {}}, 'result': {'element_count': 1000, 'missing_count': 0, 'missing_percent': 0.0, 'unexpected_count': 0, 'unexpected_percent': 0.0, 'unexpected_percent_total': 0.0, 'unexpected_percent_nonmissing': 0.0, 'partial_unexpected_list': []}, 'meta': {}, 'exception_info': {'raised_exception': False, 'exception_message': None, 'exception_traceback': None}}, {'success': True, 'expectation_config': {'expectation_type': 'expect_column_values_to_not_be_null', 'kwargs': {'column': 'Organic_carbon'}, 'meta': {}}, 'result': {'element_count': 1000, 'unexpected_count': 0, 'unexpected_percent': 0.0, 'unexpected_percent_total': 0.0, 'partial_unexpected_list': []}, 'meta': {}, 'exception_info': {'raised_exception': False, 'exception_message': None, 'exception_traceback': None}}, {'success': False, 'expectation_config': {'expectation_type': 'expect_column_values_to_be_between', 'kwargs': {'column': 'Organic_carbon', 'min_value': 0.0, 'max_value': 20.0}, 'meta': {}}, 'result': {'element_count': 1000, 'missing_count': 0, 'missing_percent': 0.0, 'unexpected_count': 24, 'unexpected_percent': 2.4, 'unexpected_percent_total': 2.4, 'unexpected_percent_nonmissing': 2.4, 'partial_unexpected_list': [20.317870601199708, 20.31540737353996, 20.169271357229974, 22.22133211808481, 20.734493831049736, 20.588774790357544, 20.01244756297056, 21.679146528583647, 20.38170275131679, 20.16573966641944, 24.204769772270364, 23.22009758983179, 20.70017829939122, 21.35503606609375, 20.318385478105704, 20.36052097737598, 22.232341364497533, 22.177838091618543, 20.67920788740359, 21.16394754628909]}, 'meta': {}, 'exception_info': {'raised_exception': False, 'exception_message': None, 'exception_traceback': None}}, {'success': True, 'expectation_config': {'expectation_type': 'expect_column_values_to_match_regex', 'kwargs': {'column': 'Trihalomethanes', 'regex': '^\\d*\\.?\\d*$'}, 'meta': {}}, 'result': {'element_count': 1000, 'missing_count': 0, 'missing_percent': 0.0, 'unexpected_count': 0, 'unexpected_percent': 0.0, 'unexpected_percent_total': 0.0, 'unexpected_percent_nonmissing': 0.0, 'partial_unexpected_list': []}, 'meta': {}, 'exception_info': {'raised_exception': False, 'exception_message': None, 'exception_traceback': None}}, {'success': True, 'expectation_config': {'expectation_type': 'expect_column_values_to_not_be_null', 'kwargs': {'column': 'Trihalomethanes'}, 'meta': {}}, 'result': {'element_count': 1000, 'unexpected_count': 0, 'unexpected_percent': 0.0, 'unexpected_percent_total': 0.0, 'partial_unexpected_list': []}, 'meta': {}, 'exception_info': {'raised_exception': False, 'exception_message': None, 'exception_traceback': None}}, {'success': False, 'expectation_config': {'expectation_type': 'expect_column_values_to_be_between', 'kwargs': {'column': 'Trihalomethanes', 'min_value': 0.0, 'max_value': 120.0}, 'meta': {}}, 'result': {'element_count': 1000, 'missing_count': 0, 'missing_percent': 0.0, 'unexpected_count': 1, 'unexpected_percent': 0.1, 'unexpected_percent_total': 0.1, 'unexpected_percent_nonmissing': 0.1, 'partial_unexpected_list': [121.50065302575427]}, 'meta': {}, 'exception_info': {'raised_exception': False, 'exception_message': None, 'exception_traceback': None}}, {'success': True, 'expectation_config': {'expectation_type': 'expect_column_values_to_match_regex', 'kwargs': {'column': 'Turbidity', 'regex': '^\\d*\\.?\\d*$'}, 'meta': {}}, 'result': {'element_count': 1000, 'missing_count': 0, 'missing_percent': 0.0, 'unexpected_count': 0, 'unexpected_percent': 0.0, 'unexpected_percent_total': 0.0, 'unexpected_percent_nonmissing': 0.0, 'partial_unexpected_list': []}, 'meta': {}, 'exception_info': {'raised_exception': False, 'exception_message': None, 'exception_traceback': None}}, {'success': True, 'expectation_config': {'expectation_type': 'expect_column_values_to_not_be_null', 'kwargs': {'column': 'Turbidity'}, 'meta': {}}, 'result': {'element_count': 1000, 'unexpected_count': 0, 'unexpected_percent': 0.0, 'unexpected_percent_total': 0.0, 'partial_unexpected_list': []}, 'meta': {}, 'exception_info': {'raised_exception': False, 'exception_message': None, 'exception_traceback': None}}, {'success': True, 'expectation_config': {'expectation_type': 'expect_column_values_to_be_between', 'kwargs': {'column': 'Turbidity', 'min_value': 0.0, 'max_value': 10.0}, 'meta': {}}, 'result': {'element_count': 1000, 'missing_count': 0, 'missing_percent': 0.0, 'unexpected_count': 0, 'unexpected_percent': 0.0, 'unexpected_percent_total': 0.0, 'unexpected_percent_nonmissing': 0.0, 'partial_unexpected_list': []}, 'meta': {}, 'exception_info': {'raised_exception': False, 'exception_message': None, 'exception_traceback': None}}, {'success': True, 'expectation_config': {'expectation_type': 'expect_column_values_to_not_be_null', 'kwargs': {'column': 'Potability'}, 'meta': {}}, 'result': {'element_count': 1000, 'unexpected_count': 0, 'unexpected_percent': 0.0, 'unexpected_percent_total': 0.0, 'partial_unexpected_list': []}, 'meta': {}, 'exception_info': {'raised_exception': False, 'exception_message': None, 'exception_traceback': None}}, {'success': True, 'expectation_config': {'expectation_type': 'expect_column_values_to_be_in_set', 'kwargs': {'column': 'Potability', 'value_set': [0, 1]}, 'meta': {}}, 'result': {'element_count': 1000, 'missing_count': 0, 'missing_percent': 0.0, 'unexpected_count': 0, 'unexpected_percent': 0.0, 'unexpected_percent_total': 0.0, 'unexpected_percent_nonmissing': 0.0, 'partial_unexpected_list': []}, 'meta': {}, 'exception_info': {'raised_exception': False, 'exception_message': None, 'exception_traceback': None}}], 'evaluation_parameters': {}, 'statistics': {'evaluated_expectations': 29, 'successful_expectations': 19, 'unsuccessful_expectations': 10, 'success_percent': 65.51724137931035}, 'meta': {'great_expectations_version': '0.18.13', 'expectation_suite_name': 'ex_dyali', 'run_id': {'run_name': None, 'run_time': '2024-05-18T02:07:45.077362+00:00'}, 'batch_kwargs': {'ge_batch_id': '6a8ba738-14bb-11ef-af78-0242ac120003'}, 'batch_markers': {}, 'batch_parameters': {}, 'validation_time': '20240518T020745.077144Z', 'expectation_suite_meta': {'great_expectations_version': '0.18.12'}}}
[2024-05-18T02:08:03.973+0000] {logging_mixin.py:188} INFO - alert_message is {'text': "Data Problem Alert\nRun ID: 2024-05-18 02:07:45\nFile Path: /opt/***/dags/raw-data/data_part_10.csv\n\nCriticality: high\nNumber of Failed Rows: 103\n\nSummary: 10 expectations failed validation.\n\nError Details:\n- Expectation 1 on column 'ph': expect_column_values_to_match_regex failed with 87 unexpected values.\n- Expectation 2 on column 'ph': expect_column_values_to_be_between failed with 350 unexpected values.\n- Expectation 3 on column 'Solids': expect_column_values_to_match_regex failed with 0 unexpected values.\n- Expectation 4 on column 'Solids': expect_column_values_to_not_be_null failed with 0 unexpected values.\n- Expectation 5 on column 'Solids': expect_column_values_to_be_between failed with 0 unexpected values.\n- Expectation 6 on column 'Chloramines': expect_column_values_to_be_between failed with 46 unexpected values.\n- Expectation 7 on column 'Sulfate': expect_column_values_to_match_regex failed with 37 unexpected values.\n- Expectation 8 on column 'Sulfate': expect_column_values_to_be_between failed with 85 unexpected values.\n- Expectation 9 on column 'Organic_carbon': expect_column_values_to_be_between failed with 24 unexpected values.\n- Expectation 10 on column 'Trihalomethanes': expect_column_values_to_be_between failed with 1 unexpected values."}
[2024-05-18T02:08:05.478+0000] {logging_mixin.py:188} INFO - Alert sent to Teams successfully.
[2024-05-18T02:08:05.482+0000] {python.py:237} INFO - Done. Returned value was: None
[2024-05-18T02:08:05.484+0000] {taskinstance.py:441} INFO - ::group::Post task execution logs
[2024-05-18T02:08:05.503+0000] {taskinstance.py:1206} INFO - Marking task as SUCCESS. dag_id=data_ingestion_pipelines_2, task_id=send_alerts, run_id=scheduled__2024-05-17T00:00:00+00:00, execution_date=20240517T000000, start_date=20240518T020802, end_date=20240518T020805
[2024-05-18T02:08:05.601+0000] {local_task_job_runner.py:240} INFO - Task exited with return code 0
[2024-05-18T02:08:05.648+0000] {taskinstance.py:3498} INFO - 0 downstream tasks scheduled from follow-on schedule check
[2024-05-18T02:08:05.653+0000] {local_task_job_runner.py:222} INFO - ::endgroup::
